#
# There is insufficient memory for the Java Runtime Environment to continue.
# Native memory allocation (malloc) failed to allocate 32744 bytes for ChunkPool::allocate
# Possible reasons:
#   The system is out of physical RAM or swap space
#   The process is running with CompressedOops enabled, and the Java Heap may be blocking the growth of the native heap
# Possible solutions:
#   Reduce memory load on the system
#   Increase physical memory or swap space
#   Check if swap backing store is full
#   Decrease Java heap size (-Xmx/-Xms)
#   Decrease number of Java threads
#   Decrease Java thread stack sizes (-Xss)
#   Set larger code cache with -XX:ReservedCodeCacheSize=
#   JVM is running with Unscaled Compressed Oops mode in which the Java heap is
#     placed in the first 4GB address space. The Java Heap base address is the
#     maximum limit for the native heap growth. Please use -XX:HeapBaseMinAddress
#     to set the Java Heap base and to place the Java Heap above 4GB virtual address.
# This output file may be truncated or incomplete.
#
#  Out of Memory Error (allocation.cpp:272), pid=14932, tid=0x0000000000001524
#
# JRE version: OpenJDK Runtime Environment (8.0_202-b03) (build 1.8.0_202-release-1483-b03)
# Java VM: OpenJDK 64-Bit Server VM (25.202-b03 mixed mode windows-amd64 compressed oops)
# Failed to write core dump. Minidumps are not enabled by default on client versions of Windows
#

---------------  T H R E A D  ---------------

Current thread (0x000000001661b800):  JavaThread "C2 CompilerThread0" daemon [_thread_in_native, id=5412, stack(0x0000000017c80000,0x0000000017d80000)]

Stack: [0x0000000017c80000,0x0000000017d80000]
[error occurred during error reporting (printing stack bounds), id 0xc0000005]

Native frames: (J=compiled Java code, j=interpreted, Vv=VM code, C=native code)


Current CompileTask:
C2:   5498 2266   !   4       java.net.URLClassLoader$1::run (63 bytes)


---------------  P R O C E S S  ---------------

Java Threads: ( => current thread )
  0x0000000019008800 JavaThread "Cache worker for execution history cache (C:\Users\Alva Gani\.gradle\caches\5.4.1\executionHistory)" [_thread_blocked, id=2732, stack(0x00000000201b0000,0x00000000202b0000)]
  0x0000000019006800 JavaThread "Cache worker for cache directory md-rule (C:\Users\Alva Gani\.gradle\caches\5.4.1\md-rule)" [_thread_blocked, id=11996, stack(0x00000000200b0000,0x00000000201b0000)]
  0x0000000019005000 JavaThread "Cache worker for cache directory md-supplier (C:\Users\Alva Gani\.gradle\caches\5.4.1\md-supplier)" [_thread_blocked, id=13868, stack(0x000000001ffb0000,0x00000000200b0000)]
  0x0000000019005800 JavaThread "Cache worker for file hash cache (C:\Users\Alva Gani\a\.gradle\5.4.1\fileHashes)" [_thread_blocked, id=4260, stack(0x000000001c4a0000,0x000000001c5a0000)]
  0x000000001900a000 JavaThread "Cache worker for journal cache (C:\Users\Alva Gani\.gradle\caches\journal-1)" [_thread_blocked, id=4132, stack(0x000000001c1a0000,0x000000001c2a0000)]
  0x0000000019008000 JavaThread "File lock request listener" [_thread_in_native, id=4192, stack(0x000000001c0a0000,0x000000001c1a0000)]
  0x0000000019d8e800 JavaThread "Cache worker for file hash cache (C:\Users\Alva Gani\.gradle\caches\5.4.1\fileHashes)" [_thread_blocked, id=1756, stack(0x000000001bfa0000,0x000000001c0a0000)]
  0x00000000191cc000 JavaThread "Thread-9" [_thread_blocked, id=9288, stack(0x000000001bea0000,0x000000001bfa0000)]
  0x00000000193b6000 JavaThread "Stdin handler" [_thread_blocked, id=13960, stack(0x000000001bda0000,0x000000001bea0000)]
  0x00000000193b4800 JavaThread "Asynchronous log dispatcher for DefaultDaemonConnection: socket connection from /127.0.0.1:53156 to /127.0.0.1:53157" [_thread_blocked, id=13008, stack(0x000000001bca0000,0x000000001bda0000)]
  0x0000000019532800 JavaThread "Daemon worker" [_thread_in_vm, id=3256, stack(0x000000001bba0000,0x000000001bca0000)]
  0x0000000018258000 JavaThread "Cancel handler" [_thread_blocked, id=1000, stack(0x000000001baa0000,0x000000001bba0000)]
  0x0000000019596000 JavaThread "Handler for socket connection from /127.0.0.1:53156 to /127.0.0.1:53157" [_thread_in_native, id=2628, stack(0x000000001b7a0000,0x000000001b8a0000)]
  0x0000000019e47000 JavaThread "Daemon" [_thread_blocked, id=7376, stack(0x000000001b6a0000,0x000000001b7a0000)]
  0x0000000019b2a800 JavaThread "Daemon periodic checks" [_thread_blocked, id=5672, stack(0x000000001b5a0000,0x000000001b6a0000)]
  0x000000001917f000 JavaThread "Incoming local TCP Connector on port 53156" [_thread_in_native, id=796, stack(0x000000001b360000,0x000000001b460000)]
  0x000000001973c800 JavaThread "Daemon health stats" [_thread_blocked, id=8856, stack(0x000000001ad20000,0x000000001ae20000)]
  0x0000000017fa8800 JavaThread "Service Thread" daemon [_thread_blocked, id=4784, stack(0x0000000018380000,0x0000000018480000)]
  0x0000000016627800 JavaThread "C1 CompilerThread2" daemon [_thread_blocked, id=1332, stack(0x0000000017e80000,0x0000000017f80000)]
  0x000000001661f800 JavaThread "C2 CompilerThread1" daemon [_thread_in_native, id=5896, stack(0x0000000017d80000,0x0000000017e80000)]
=>0x000000001661b800 JavaThread "C2 CompilerThread0" daemon [_thread_in_native, id=5412, stack(0x0000000017c80000,0x0000000017d80000)]
  0x0000000016619800 JavaThread "Attach Listener" daemon [_thread_blocked, id=15808, stack(0x0000000017b80000,0x0000000017c80000)]
  0x0000000016618800 JavaThread "Signal Dispatcher" daemon [_thread_blocked, id=14492, stack(0x0000000017a80000,0x0000000017b80000)]
  0x0000000002caa800 JavaThread "Finalizer" daemon [_thread_blocked, id=2336, stack(0x0000000017880000,0x0000000017980000)]
  0x0000000016609000 JavaThread "Reference Handler" daemon [_thread_blocked, id=2960, stack(0x0000000017780000,0x0000000017880000)]
  0x0000000002bae000 JavaThread "main" [_thread_blocked, id=16012, stack(0x0000000002a40000,0x0000000002b40000)]

Other Threads:
  0x00000000165e7000 VMThread [stack: 0x0000000017680000,0x0000000017780000] [id=7056]
  0x000000001664a000 WatcherThread [stack: 0x0000000018480000,0x0000000018580000] [id=11524]

VM state:not at safepoint (normal execution)

VM Mutex/Monitor currently owned by a thread: None

heap address: 0x00000000a0000000, size: 1536 MB, Compressed Oops mode: 32-bit
Narrow klass base: 0x0000000000000000, Narrow klass shift: 3
Compressed class space size: 1073741824 Address: 0x0000000100000000

Heap:
 PSYoungGen      total 77312K, used 26960K [0x00000000e0000000, 0x00000000e7c80000, 0x0000000100000000)
  eden space 66560K, 29% used [0x00000000e0000000,0x00000000e12eec60,0x00000000e4100000)
  from space 10752K, 70% used [0x00000000e4100000,0x00000000e48654e0,0x00000000e4b80000)
  to   space 10752K, 0% used [0x00000000e7200000,0x00000000e7200000,0x00000000e7c80000)
 ParOldGen       total 59904K, used 9173K [0x00000000a0000000, 0x00000000a3a80000, 0x00000000e0000000)
  object space 59904K, 15% used [0x00000000a0000000,0x00000000a08f5610,0x00000000a3a80000)
 Metaspace       used 29433K, capacity 29946K, committed 30208K, reserved 1075200K
  class space    used 4085K, capacity 4254K, committed 4352K, reserved 1048576K

Card table byte_map: [0x0000000012070000,0x0000000012380000] byte_map_base: 0x0000000011b70000

Marking Bits: (ParMarkBitMap*) 0x0000000070659f30
 Begin Bits: [0x0000000012980000, 0x0000000014180000)
 End Bits:   [0x0000000014180000, 0x0000000015980000)

Polling page: 0x0000000002960000

CodeCache: size=245760Kb used=8745Kb max_used=8745Kb free=237014Kb
 bounds [0x0000000002cb0000, 0x0000000003540000, 0x0000000011cb0000]
 total_blobs=2940 nmethods=2270 adapters=583
 compilation: enabled

Compilation events (10 events):
Event: 5.478 Thread 0x0000000016627800 2279       3       org.objectweb.asm.Frame::setInputFrameFromDescriptor (175 bytes)
Event: 5.478 Thread 0x0000000016627800 nmethod 2279 0x000000000353b790 code [0x000000000353b960, 0x000000000353c238]
Event: 5.478 Thread 0x0000000016627800 2278       3       org.objectweb.asm.Label::addForwardReference (102 bytes)
Event: 5.479 Thread 0x0000000016627800 nmethod 2278 0x000000000353c810 code [0x000000000353c9a0, 0x000000000353ce28]
Event: 5.479 Thread 0x0000000016627800 2281       1       java.lang.reflect.Constructor::getSignature (5 bytes)
Event: 5.479 Thread 0x0000000016627800 nmethod 2281 0x000000000353d090 code [0x000000000353d1e0, 0x000000000353d2f0]
Event: 5.479 Thread 0x0000000016627800 2280       1       com.google.common.collect.AbstractMapBasedMultimap::access$000 (5 bytes)
Event: 5.479 Thread 0x0000000016627800 nmethod 2280 0x000000000353d350 code [0x000000000353d4a0, 0x000000000353d590]
Event: 5.480 Thread 0x0000000016627800 2282       3       com.google.common.collect.ImmutableList$Builder::add (8 bytes)
Event: 5.481 Thread 0x0000000016627800 nmethod 2282 0x000000000353d610 code [0x000000000353d7a0, 0x000000000353dc58]

GC Heap History (10 events):
Event: 3.230 GC heap before
{Heap before GC invocations=4 (full 0):
 PSYoungGen      total 38400K, used 38395K [0x00000000e0000000, 0x00000000e2a80000, 0x0000000100000000)
  eden space 33280K, 100% used [0x00000000e0000000,0x00000000e2080000,0x00000000e2080000)
  from space 5120K, 99% used [0x00000000e2080000,0x00000000e257eeb8,0x00000000e2580000)
  to   space 5120K, 0% used [0x00000000e2580000,0x00000000e2580000,0x00000000e2a80000)
 ParOldGen       total 87552K, used 1826K [0x00000000a0000000, 0x00000000a5580000, 0x00000000e0000000)
  object space 87552K, 2% used [0x00000000a0000000,0x00000000a01c8910,0x00000000a5580000)
 Metaspace       used 15936K, capacity 16336K, committed 16512K, reserved 1062912K
  class space    used 2271K, capacity 2424K, committed 2432K, reserved 1048576K
Event: 3.247 GC heap after
Heap after GC invocations=4 (full 0):
 PSYoungGen      total 38400K, used 5088K [0x00000000e0000000, 0x00000000e4b00000, 0x0000000100000000)
  eden space 33280K, 0% used [0x00000000e0000000,0x00000000e0000000,0x00000000e2080000)
  from space 5120K, 99% used [0x00000000e2580000,0x00000000e2a78040,0x00000000e2a80000)
  to   space 5120K, 0% used [0x00000000e2080000,0x00000000e2080000,0x00000000e2580000)
 ParOldGen       total 87552K, used 4914K [0x00000000a0000000, 0x00000000a5580000, 0x00000000e0000000)
  object space 87552K, 5% used [0x00000000a0000000,0x00000000a04ccba8,0x00000000a5580000)
 Metaspace       used 15936K, capacity 16336K, committed 16512K, reserved 1062912K
  class space    used 2271K, capacity 2424K, committed 2432K, reserved 1048576K
}
Event: 3.900 GC heap before
{Heap before GC invocations=5 (full 0):
 PSYoungGen      total 38400K, used 38368K [0x00000000e0000000, 0x00000000e4b00000, 0x0000000100000000)
  eden space 33280K, 100% used [0x00000000e0000000,0x00000000e2080000,0x00000000e2080000)
  from space 5120K, 99% used [0x00000000e2580000,0x00000000e2a78040,0x00000000e2a80000)
  to   space 5120K, 0% used [0x00000000e2080000,0x00000000e2080000,0x00000000e2580000)
 ParOldGen       total 87552K, used 4914K [0x00000000a0000000, 0x00000000a5580000, 0x00000000e0000000)
  object space 87552K, 5% used [0x00000000a0000000,0x00000000a04ccba8,0x00000000a5580000)
 Metaspace       used 18770K, capacity 19294K, committed 19328K, reserved 1064960K
  class space    used 2732K, capacity 2927K, committed 2944K, reserved 1048576K
Event: 3.910 GC heap after
Heap after GC invocations=5 (full 0):
 PSYoungGen      total 38400K, used 5104K [0x00000000e0000000, 0x00000000e5600000, 0x0000000100000000)
  eden space 33280K, 0% used [0x00000000e0000000,0x00000000e0000000,0x00000000e2080000)
  from space 5120K, 99% used [0x00000000e2080000,0x00000000e257c040,0x00000000e2580000)
  to   space 10752K, 0% used [0x00000000e4b80000,0x00000000e4b80000,0x00000000e5600000)
 ParOldGen       total 87552K, used 8805K [0x00000000a0000000, 0x00000000a5580000, 0x00000000e0000000)
  object space 87552K, 10% used [0x00000000a0000000,0x00000000a0899728,0x00000000a5580000)
 Metaspace       used 18770K, capacity 19294K, committed 19328K, reserved 1064960K
  class space    used 2732K, capacity 2927K, committed 2944K, reserved 1048576K
}
Event: 4.183 GC heap before
{Heap before GC invocations=6 (full 0):
 PSYoungGen      total 38400K, used 20924K [0x00000000e0000000, 0x00000000e5600000, 0x0000000100000000)
  eden space 33280K, 47% used [0x00000000e0000000,0x00000000e0f73260,0x00000000e2080000)
  from space 5120K, 99% used [0x00000000e2080000,0x00000000e257c040,0x00000000e2580000)
  to   space 10752K, 0% used [0x00000000e4b80000,0x00000000e4b80000,0x00000000e5600000)
 ParOldGen       total 87552K, used 8805K [0x00000000a0000000, 0x00000000a5580000, 0x00000000e0000000)
  object space 87552K, 10% used [0x00000000a0000000,0x00000000a0899728,0x00000000a5580000)
 Metaspace       used 20691K, capacity 21164K, committed 21296K, reserved 1067008K
  class space    used 2965K, capacity 3123K, committed 3200K, reserved 1048576K
Event: 4.202 GC heap after
Heap after GC invocations=6 (full 0):
 PSYoungGen      total 77312K, used 7655K [0x00000000e0000000, 0x00000000e5600000, 0x0000000100000000)
  eden space 66560K, 0% used [0x00000000e0000000,0x00000000e0000000,0x00000000e4100000)
  from space 10752K, 71% used [0x00000000e4b80000,0x00000000e52f9e18,0x00000000e5600000)
  to   space 10752K, 0% used [0x00000000e4100000,0x00000000e4100000,0x00000000e4b80000)
 ParOldGen       total 87552K, used 8813K [0x00000000a0000000, 0x00000000a5580000, 0x00000000e0000000)
  object space 87552K, 10% used [0x00000000a0000000,0x00000000a089b728,0x00000000a5580000)
 Metaspace       used 20691K, capacity 21164K, committed 21296K, reserved 1067008K
  class space    used 2965K, capacity 3123K, committed 3200K, reserved 1048576K
}
Event: 4.202 GC heap before
{Heap before GC invocations=7 (full 1):
 PSYoungGen      total 77312K, used 7655K [0x00000000e0000000, 0x00000000e5600000, 0x0000000100000000)
  eden space 66560K, 0% used [0x00000000e0000000,0x00000000e0000000,0x00000000e4100000)
  from space 10752K, 71% used [0x00000000e4b80000,0x00000000e52f9e18,0x00000000e5600000)
  to   space 10752K, 0% used [0x00000000e4100000,0x00000000e4100000,0x00000000e4b80000)
 ParOldGen       total 87552K, used 8813K [0x00000000a0000000, 0x00000000a5580000, 0x00000000e0000000)
  object space 87552K, 10% used [0x00000000a0000000,0x00000000a089b728,0x00000000a5580000)
 Metaspace       used 20691K, capacity 21164K, committed 21296K, reserved 1067008K
  class space    used 2965K, capacity 3123K, committed 3200K, reserved 1048576K
Event: 4.269 GC heap after
Heap after GC invocations=7 (full 1):
 PSYoungGen      total 77312K, used 0K [0x00000000e0000000, 0x00000000e5600000, 0x0000000100000000)
  eden space 66560K, 0% used [0x00000000e0000000,0x00000000e0000000,0x00000000e4100000)
  from space 10752K, 0% used [0x00000000e4b80000,0x00000000e4b80000,0x00000000e5600000)
  to   space 10752K, 0% used [0x00000000e4100000,0x00000000e4100000,0x00000000e4b80000)
 ParOldGen       total 59904K, used 9165K [0x00000000a0000000, 0x00000000a3a80000, 0x00000000e0000000)
  object space 59904K, 15% used [0x00000000a0000000,0x00000000a08f3610,0x00000000a3a80000)
 Metaspace       used 20691K, capacity 21164K, committed 21296K, reserved 1067008K
  class space    used 2965K, capacity 3123K, committed 3200K, reserved 1048576K
}
Event: 5.264 GC heap before
{Heap before GC invocations=8 (full 1):
 PSYoungGen      total 77312K, used 66560K [0x00000000e0000000, 0x00000000e5600000, 0x0000000100000000)
  eden space 66560K, 100% used [0x00000000e0000000,0x00000000e4100000,0x00000000e4100000)
  from space 10752K, 0% used [0x00000000e4b80000,0x00000000e4b80000,0x00000000e5600000)
  to   space 10752K, 0% used [0x00000000e4100000,0x00000000e4100000,0x00000000e4b80000)
 ParOldGen       total 59904K, used 9165K [0x00000000a0000000, 0x00000000a3a80000, 0x00000000e0000000)
  object space 59904K, 15% used [0x00000000a0000000,0x00000000a08f3610,0x00000000a3a80000)
 Metaspace       used 28331K, capacity 28884K, committed 28928K, reserved 1075200K
  class space    used 3917K, capacity 4093K, committed 4096K, reserved 1048576K
Event: 5.274 GC heap after
Heap after GC invocations=8 (full 1):
 PSYoungGen      total 77312K, used 7573K [0x00000000e0000000, 0x00000000e7c80000, 0x0000000100000000)
  eden space 66560K, 0% used [0x00000000e0000000,0x00000000e0000000,0x00000000e4100000)
  from space 10752K, 70% used [0x00000000e4100000,0x00000000e48654e0,0x00000000e4b80000)
  to   space 10752K, 0% used [0x00000000e7200000,0x00000000e7200000,0x00000000e7c80000)
 ParOldGen       total 59904K, used 9173K [0x00000000a0000000, 0x00000000a3a80000, 0x00000000e0000000)
  object space 59904K, 15% used [0x00000000a0000000,0x00000000a08f5610,0x00000000a3a80000)
 Metaspace       used 28331K, capacity 28884K, committed 28928K, reserved 1075200K
  class space    used 3917K, capacity 4093K, committed 4096K, reserved 1048576K
}

Deoptimization events (10 events):
Event: 3.760 Thread 0x0000000019532800 Uncommon trap: reason=bimorphic action=maybe_recompile pc=0x000000000322e0dc method=java.lang.ClassLoader.getPackage(Ljava/lang/String;)Ljava/lang/Package; @ 47
Event: 3.760 Thread 0x0000000019532800 Uncommon trap: reason=unstable_if action=reinterpret pc=0x000000000322d714 method=java.net.URLClassLoader.getAndVerifyPackage(Ljava/lang/String;Ljava/util/jar/Manifest;Ljava/net/URL;)Ljava/lang/Package; @ 62
Event: 3.832 Thread 0x0000000019532800 Uncommon trap: reason=bimorphic action=maybe_recompile pc=0x000000000325cd90 method=java.lang.ClassLoader.getPackage(Ljava/lang/String;)Ljava/lang/Package; @ 47
Event: 4.040 Thread 0x0000000019532800 Uncommon trap: reason=class_check action=maybe_recompile pc=0x0000000002eb4db0 method=sun.misc.URLClassPath.getLoader(I)Lsun/misc/URLClassPath$Loader; @ 94
Event: 4.040 Thread 0x0000000019532800 Uncommon trap: reason=class_check action=maybe_recompile pc=0x0000000002ff66e0 method=sun.misc.URLClassPath.getResource(Ljava/lang/String;Z)Lsun/misc/Resource; @ 62
Event: 4.270 Thread 0x0000000016609000 Uncommon trap: reason=unstable_if action=reinterpret pc=0x000000000324b87c method=java.lang.ref.Reference.tryHandlePending(Z)Z @ 104
Event: 4.575 Thread 0x0000000019532800 Uncommon trap: reason=unstable_if action=reinterpret pc=0x00000000032d5d84 method=java.lang.ClassLoader.getClassLoadingLock(Ljava/lang/String;)Ljava/lang/Object; @ 6
Event: 4.837 Thread 0x0000000019532800 Uncommon trap: reason=unstable_if action=reinterpret pc=0x000000000314fba8 method=java.util.HashMap.hash(Ljava/lang/Object;)I @ 1
Event: 4.946 Thread 0x0000000019532800 Uncommon trap: reason=unstable_if action=reinterpret pc=0x0000000002f5d7cc method=java.io.WinNTFileSystem.resolve(Ljava/lang/String;Ljava/lang/String;)Ljava/lang/String; @ 49
Event: 4.983 Thread 0x0000000019532800 Uncommon trap: reason=unstable_if action=reinterpret pc=0x0000000002f95d30 method=java.util.LinkedHashMap.afterNodeInsertion(Z)V @ 1

Classes redefined (0 events):
No events

Internal exceptions (10 events):
Event: 4.638 Thread 0x0000000019532800 Exception <a 'java/lang/ClassNotFoundException': groovy/lang/Closure$1Customizer> (0x00000000e15a5350) thrown at [D:\src\AOSP-openjdk-cygwin\jdk8u\hotspot\src\share\vm\classfile\systemDictionary.cpp, line 210]
Event: 4.780 Thread 0x0000000019532800 Exception <a 'java/lang/ClassNotFoundException': org/gradle/internal/metaobject/ConfigureDelegateBeanInfo> (0x00000000e1d06330) thrown at [D:\src\AOSP-openjdk-cygwin\jdk8u\hotspot\src\share\vm\classfile\systemDictionary.cpp, line 210]
Event: 4.781 Thread 0x0000000019532800 Exception <a 'java/lang/ClassNotFoundException': org/gradle/internal/metaobject/ConfigureDelegateCustomizer> (0x00000000e1d2f170) thrown at [D:\src\AOSP-openjdk-cygwin\jdk8u\hotspot\src\share\vm\classfile\systemDictionary.cpp, line 210]
Event: 4.787 Thread 0x0000000019532800 Exception <a 'java/lang/ClassNotFoundException': org/gradle/api/internal/initialization/DefaultScriptHandlerBeanInfo> (0x00000000e1db3a78) thrown at [D:\src\AOSP-openjdk-cygwin\jdk8u\hotspot\src\share\vm\classfile\systemDictionary.cpp, line 210]
Event: 4.788 Thread 0x0000000019532800 Exception <a 'java/lang/ClassNotFoundException': org/gradle/api/internal/initialization/DefaultScriptHandlerCustomizer> (0x00000000e1de3ef8) thrown at [D:\src\AOSP-openjdk-cygwin\jdk8u\hotspot\src\share\vm\classfile\systemDictionary.cpp, line 210]
Event: 4.837 Thread 0x0000000019532800 Implicit null exception at 0x000000000314f995 to 0x000000000314fb99
Event: 5.326 Thread 0x0000000019532800 Exception <a 'java/lang/ClassNotFoundException': org/gradle/api/internal/artifacts/dsl/dependencies/DefaultDependencyHandler_DecoratedBeanInfo> (0x00000000e03b2968) thrown at [D:\src\AOSP-openjdk-cygwin\jdk8u\hotspot\src\share\vm\classfile\systemDictionar
Event: 5.327 Thread 0x0000000019532800 Exception <a 'java/lang/ClassNotFoundException': org/gradle/api/internal/artifacts/dsl/dependencies/DefaultDependencyHandlerBeanInfo> (0x00000000e0401f88) thrown at [D:\src\AOSP-openjdk-cygwin\jdk8u\hotspot\src\share\vm\classfile\systemDictionary.cpp, lin
Event: 5.328 Thread 0x0000000019532800 Exception <a 'java/lang/ClassNotFoundException': org/gradle/api/internal/artifacts/dsl/dependencies/DefaultDependencyHandlerCustomizer> (0x00000000e0452628) thrown at [D:\src\AOSP-openjdk-cygwin\jdk8u\hotspot\src\share\vm\classfile\systemDictionary.cpp, l
Event: 5.331 Thread 0x0000000019532800 Exception <a 'java/lang/ClassNotFoundException': org/gradle/api/internal/artifacts/dsl/dependencies/DefaultDependencyHandler_DecoratedCustomizer> (0x00000000e04d5da8) thrown at [D:\src\AOSP-openjdk-cygwin\jdk8u\hotspot\src\share\vm\classfile\systemDiction

Events (10 events):
Event: 5.493 loading class org/gradle/api/internal/artifacts/ivyservice/resolveengine/graph/builder/PendingDependenciesVisitor
Event: 5.493 loading class org/gradle/api/internal/artifacts/ivyservice/resolveengine/graph/builder/PendingDependenciesVisitor done
Event: 5.493 loading class org/gradle/api/internal/artifacts/ivyservice/resolveengine/graph/builder/DeselectVersionAction
Event: 5.493 loading class org/gradle/api/internal/artifacts/ivyservice/resolveengine/graph/builder/DeselectVersionAction done
Event: 5.494 loading class org/gradle/api/internal/artifacts/ivyservice/resolveengine/graph/builder/ResolveOptimizations
Event: 5.494 loading class org/gradle/api/internal/artifacts/ivyservice/resolveengine/graph/builder/ResolveOptimizations done
Event: 5.494 loading class org/gradle/api/internal/artifacts/ivyservice/resolveengine/graph/builder/ModuleResolveState
Event: 5.494 loading class org/gradle/api/internal/artifacts/ivyservice/resolveengine/graph/builder/ModuleResolveState done
Event: 5.496 loading class org/gradle/api/internal/artifacts/ivyservice/resolveengine/graph/conflicts/CandidateModule
Event: 5.496 loading class org/gradle/api/internal/artifacts/ivyservice/resolveengine/graph/conflicts/CandidateModule done


Dynamic libraries:
0x00007ff795640000 - 0x00007ff795671000 	C:\Program Files\Android\Android Studio\jre\bin\java.exe
0x00007ffb906e0000 - 0x00007ffb908d0000 	C:\WINDOWS\SYSTEM32\ntdll.dll
0x00007ffb79960000 - 0x00007ffb79974000 	C:\Program Files\AVAST Software\Avast\aswhook.dll
0x00007ffb8f9f0000 - 0x00007ffb8faa2000 	C:\WINDOWS\System32\KERNEL32.DLL
0x00007ffb8d670000 - 0x00007ffb8d913000 	C:\WINDOWS\System32\KERNELBASE.dll
0x00007ffb8f940000 - 0x00007ffb8f9e3000 	C:\WINDOWS\System32\ADVAPI32.dll
0x00007ffb90450000 - 0x00007ffb904ee000 	C:\WINDOWS\System32\msvcrt.dll
0x00007ffb8f6e0000 - 0x00007ffb8f777000 	C:\WINDOWS\System32\sechost.dll
0x00007ffb8f5c0000 - 0x00007ffb8f6e0000 	C:\WINDOWS\System32\RPCRT4.dll
0x00007ffb8f7a0000 - 0x00007ffb8f934000 	C:\WINDOWS\System32\USER32.dll
0x00007ffb8e2a0000 - 0x00007ffb8e2c1000 	C:\WINDOWS\System32\win32u.dll
0x00007ffb8e790000 - 0x00007ffb8e7b6000 	C:\WINDOWS\System32\GDI32.dll
0x00007ffb8e5f0000 - 0x00007ffb8e784000 	C:\WINDOWS\System32\gdi32full.dll
0x00007ffb8e550000 - 0x00007ffb8e5ee000 	C:\WINDOWS\System32\msvcp_win.dll
0x00007ffb8e450000 - 0x00007ffb8e54a000 	C:\WINDOWS\System32\ucrtbase.dll
0x00007ffb7a5a0000 - 0x00007ffb7a825000 	C:\WINDOWS\WinSxS\amd64_microsoft.windows.common-controls_6595b64144ccf1df_6.0.18362.592_none_e6c0b1911312be02\COMCTL32.dll
0x00007ffb8fca0000 - 0x00007ffb8ffd6000 	C:\WINDOWS\System32\combase.dll
0x00007ffb8e1d0000 - 0x00007ffb8e250000 	C:\WINDOWS\System32\bcryptPrimitives.dll
0x00007ffb8ea70000 - 0x00007ffb8ea9e000 	C:\WINDOWS\System32\IMM32.DLL
0x000000006fcd0000 - 0x000000006fda2000 	C:\Program Files\Android\Android Studio\jre\jre\bin\msvcr100.dll
0x000000006fe90000 - 0x00000000706d6000 	C:\Program Files\Android\Android Studio\jre\jre\bin\server\jvm.dll
0x00007ffb8ea60000 - 0x00007ffb8ea68000 	C:\WINDOWS\System32\PSAPI.DLL
0x00007ffb791d0000 - 0x00007ffb791d9000 	C:\WINDOWS\SYSTEM32\WSOCK32.dll
0x00007ffb8fab0000 - 0x00007ffb8fb1f000 	C:\WINDOWS\System32\WS2_32.dll
0x00007ffb88590000 - 0x00007ffb885b4000 	C:\WINDOWS\SYSTEM32\WINMM.dll
0x00007ffb83970000 - 0x00007ffb8397a000 	C:\WINDOWS\SYSTEM32\VERSION.dll
0x00007ffb883e0000 - 0x00007ffb8840d000 	C:\WINDOWS\SYSTEM32\WINMMBASE.dll
0x00007ffb8e250000 - 0x00007ffb8e29a000 	C:\WINDOWS\System32\cfgmgr32.dll
0x00007ffb85330000 - 0x00007ffb8533f000 	C:\Program Files\Android\Android Studio\jre\jre\bin\verify.dll
0x00007ffb84070000 - 0x00007ffb84099000 	C:\Program Files\Android\Android Studio\jre\jre\bin\java.dll
0x00007ffb7c7b0000 - 0x00007ffb7c7c6000 	C:\Program Files\Android\Android Studio\jre\jre\bin\zip.dll
0x00007ffb8ed10000 - 0x00007ffb8f3f5000 	C:\WINDOWS\System32\SHELL32.dll
0x00007ffb8fb20000 - 0x00007ffb8fbc9000 	C:\WINDOWS\System32\shcore.dll
0x00007ffb8da30000 - 0x00007ffb8e1af000 	C:\WINDOWS\System32\windows.storage.dll
0x00007ffb8d630000 - 0x00007ffb8d64f000 	C:\WINDOWS\System32\profapi.dll
0x00007ffb8d5c0000 - 0x00007ffb8d60a000 	C:\WINDOWS\System32\powrprof.dll
0x00007ffb8d5b0000 - 0x00007ffb8d5c0000 	C:\WINDOWS\System32\UMPDC.dll
0x00007ffb8eaa0000 - 0x00007ffb8eaf2000 	C:\WINDOWS\System32\shlwapi.dll
0x00007ffb8d610000 - 0x00007ffb8d621000 	C:\WINDOWS\System32\kernel.appcore.dll
0x00007ffb8e1b0000 - 0x00007ffb8e1c7000 	C:\WINDOWS\System32\cryptsp.dll
0x00007ffb6ec30000 - 0x00007ffb6ec4a000 	C:\Program Files\Android\Android Studio\jre\jre\bin\net.dll
0x00007ffb8ce20000 - 0x00007ffb8ce87000 	C:\WINDOWS\system32\mswsock.dll
0x00007ffb6eab0000 - 0x00007ffb6eac1000 	C:\Program Files\Android\Android Studio\jre\jre\bin\nio.dll
0x00007ffb64f80000 - 0x00007ffb64fa6000 	C:\Users\Alva Gani\.gradle\native\29\windows-amd64\native-platform.dll
0x00007ffb852d0000 - 0x00007ffb852dd000 	C:\Program Files\Android\Android Studio\jre\jre\bin\management.dll
0x00007ffb8c930000 - 0x00007ffb8c963000 	C:\WINDOWS\system32\rsaenh.dll
0x00007ffb8e2d0000 - 0x00007ffb8e2f6000 	C:\WINDOWS\System32\bcrypt.dll
0x00007ffb8d4d0000 - 0x00007ffb8d4f5000 	C:\WINDOWS\SYSTEM32\USERENV.dll
0x00007ffb8cff0000 - 0x00007ffb8cffc000 	C:\WINDOWS\SYSTEM32\CRYPTBASE.dll
0x00007ffb8cb30000 - 0x00007ffb8cb6a000 	C:\WINDOWS\SYSTEM32\IPHLPAPI.DLL
0x00007ffb8e950000 - 0x00007ffb8e958000 	C:\WINDOWS\System32\NSI.dll
0x00007ffb80fd0000 - 0x00007ffb80fe6000 	C:\WINDOWS\SYSTEM32\dhcpcsvc6.DLL
0x00007ffb80fb0000 - 0x00007ffb80fcc000 	C:\WINDOWS\SYSTEM32\dhcpcsvc.DLL
0x00007ffb8cb70000 - 0x00007ffb8cc3a000 	C:\WINDOWS\SYSTEM32\DNSAPI.dll

VM Arguments:
jvm_args: -Xmx1536m -Dfile.encoding=windows-1252 -Duser.country=ID -Duser.language=en -Duser.variant 
java_command: org.gradle.launcher.daemon.bootstrap.GradleDaemon 5.4.1
java_class_path (initial): C:\Users\Alva Gani\.gradle\wrapper\dists\gradle-5.4.1-all\3221gyojl5jsh0helicew7rwx\gradle-5.4.1\lib\gradle-launcher-5.4.1.jar
Launcher Type: SUN_STANDARD

Environment Variables:
PATH=C:\ProgramData\Oracle\Java\javapath;C:\WINDOWS\system32;C:\WINDOWS;C:\WINDOWS\System32\Wbem;C:\WINDOWS\System32\WindowsPowerShell\v1.0\;C:\WINDOWS\System32\OpenSSH\;C:\Go\bin;C:\Users\Alva Gani\AppData\Local\Microsoft\WindowsApps;C:\Users\Alva Gani\go\bin;C:\Users\Alva Gani\AppData\Local\Programs\Microsoft VS Code\bin;
USERNAME=Alva Gani
OS=Windows_NT
PROCESSOR_IDENTIFIER=Intel64 Family 6 Model 78 Stepping 3, GenuineIntel



---------------  S Y S T E M  ---------------

OS: Windows 10.0 , 64 bit Build 18362 (10.0.18362.329)

CPU:total 4 (initial active 4) (2 cores per cpu, 2 threads per core) family 6 model 78 stepping 3, cmov, cx8, fxsr, mmx, sse, sse2, sse3, ssse3, sse4.1, sse4.2, popcnt, avx, avx2, aes, clmul, erms, 3dnowpref, lzcnt, ht, tsc, tscinvbit, bmi1, bmi2, adx

Memory: 4k page, physical 8282712k(745832k free), swap 33448536k(4692k free)

vm_info: OpenJDK 64-Bit Server VM (25.202-b03) for windows-amd64 JRE (1.8.0_202-release-1483-b03), built by "builder" with MS VC++ 10.0 (VS2010)

time: Fri Feb 07 18:16:45 2020
timezone: SE Asia Standard Time
elapsed time: 5 seconds (0d 0h 0m 5s)

