#
# There is insufficient memory for the Java Runtime Environment to continue.
# Native memory allocation (malloc) failed to allocate 1546096 bytes for Chunk::new
# Possible reasons:
#   The system is out of physical RAM or swap space
#   The process is running with CompressedOops enabled, and the Java Heap may be blocking the growth of the native heap
# Possible solutions:
#   Reduce memory load on the system
#   Increase physical memory or swap space
#   Check if swap backing store is full
#   Decrease Java heap size (-Xmx/-Xms)
#   Decrease number of Java threads
#   Decrease Java thread stack sizes (-Xss)
#   Set larger code cache with -XX:ReservedCodeCacheSize=
#   JVM is running with Unscaled Compressed Oops mode in which the Java heap is
#     placed in the first 4GB address space. The Java Heap base address is the
#     maximum limit for the native heap growth. Please use -XX:HeapBaseMinAddress
#     to set the Java Heap base and to place the Java Heap above 4GB virtual address.
# This output file may be truncated or incomplete.
#
#  Out of Memory Error (allocation.cpp:389), pid=4592, tid=0x0000000000001b84
#
# JRE version: OpenJDK Runtime Environment (8.0_202-b03) (build 1.8.0_202-release-1483-b03)
# Java VM: OpenJDK 64-Bit Server VM (25.202-b03 mixed mode windows-amd64 compressed oops)
# Failed to write core dump. Minidumps are not enabled by default on client versions of Windows
#

---------------  T H R E A D  ---------------

Current thread (0x0000000016560000):  JavaThread "C2 CompilerThread1" daemon [_thread_in_native, id=7044, stack(0x0000000017cd0000,0x0000000017dd0000)]

Stack: [0x0000000017cd0000,0x0000000017dd0000]
[error occurred during error reporting (printing stack bounds), id 0xc0000005]

Native frames: (J=compiled Java code, j=interpreted, Vv=VM code, C=native code)


Current CompileTask:
C2:  17274 6471       4       sun.reflect.generics.parser.SignatureParser::parsePackageNameAndSimpleClassTypeSignature (139 bytes)


---------------  P R O C E S S  ---------------

Java Threads: ( => current thread )
  0x000000001cfd8800 JavaThread "Memory manager" [_thread_blocked, id=9008, stack(0x00000000231b0000,0x00000000232b0000)]
  0x000000001cfd4800 JavaThread "Cache worker for Build Output Cleanup Cache (C:\Users\Alva Gani\a\.gradle\buildOutputCleanup)" [_thread_blocked, id=1828, stack(0x0000000022630000,0x0000000022730000)]
  0x000000001cfd0000 JavaThread "pool-1-thread-1" [_thread_blocked, id=12608, stack(0x0000000021860000,0x0000000021960000)]
  0x000000001cfcf800 JavaThread "Build operations Thread 4" [_thread_blocked, id=676, stack(0x0000000021f30000,0x0000000022030000)]
  0x000000001cfd1800 JavaThread "Build operations Thread 3" [_thread_blocked, id=11260, stack(0x0000000021e30000,0x0000000021f30000)]
  0x000000001cfd4000 JavaThread "Build operations Thread 2" [_thread_blocked, id=9256, stack(0x0000000021d30000,0x0000000021e30000)]
  0x000000001cfcd000 JavaThread "Build operations" [_thread_blocked, id=10688, stack(0x00000000219b0000,0x0000000021ab0000)]
  0x000000001cfce800 JavaThread "Cache worker for execution history cache (C:\Users\Alva Gani\.gradle\caches\5.4.1\executionHistory)" [_thread_blocked, id=14836, stack(0x0000000020190000,0x0000000020290000)]
  0x0000000018e73800 JavaThread "Cache worker for cache directory md-rule (C:\Users\Alva Gani\.gradle\caches\5.4.1\md-rule)" [_thread_blocked, id=10584, stack(0x0000000020090000,0x0000000020190000)]
  0x0000000018e72800 JavaThread "Cache worker for cache directory md-supplier (C:\Users\Alva Gani\.gradle\caches\5.4.1\md-supplier)" [_thread_blocked, id=11480, stack(0x000000001ed60000,0x000000001ee60000)]
  0x0000000018e75000 JavaThread "Cache worker for file hash cache (C:\Users\Alva Gani\a\.gradle\5.4.1\fileHashes)" [_thread_blocked, id=16264, stack(0x000000001e650000,0x000000001e750000)]
  0x0000000018e77000 JavaThread "Cache worker for journal cache (C:\Users\Alva Gani\.gradle\caches\journal-1)" [_thread_blocked, id=5892, stack(0x000000001c2f0000,0x000000001c3f0000)]
  0x0000000018e70800 JavaThread "File lock request listener" [_thread_in_native, id=4376, stack(0x000000001bff0000,0x000000001c0f0000)]
  0x0000000018e71000 JavaThread "Cache worker for file hash cache (C:\Users\Alva Gani\.gradle\caches\5.4.1\fileHashes)" [_thread_blocked, id=13068, stack(0x000000001bef0000,0x000000001bff0000)]
  0x0000000018671800 JavaThread "Thread-9" [_thread_blocked, id=15820, stack(0x000000001bdf0000,0x000000001bef0000)]
  0x0000000018670800 JavaThread "Stdin handler" [_thread_blocked, id=4060, stack(0x000000001bcf0000,0x000000001bdf0000)]
  0x000000001866f800 JavaThread "Asynchronous log dispatcher for DefaultDaemonConnection: socket connection from /127.0.0.1:53115 to /127.0.0.1:53116" [_thread_blocked, id=6136, stack(0x000000001bbf0000,0x000000001bcf0000)]
  0x000000001863a800 JavaThread "Daemon worker" [_thread_in_Java, id=15424, stack(0x000000001baf0000,0x000000001bbf0000)]
  0x000000001973e000 JavaThread "Cancel handler" [_thread_blocked, id=6448, stack(0x000000001b9f0000,0x000000001baf0000)]
  0x000000001916d000 JavaThread "Handler for socket connection from /127.0.0.1:53115 to /127.0.0.1:53116" [_thread_in_native, id=13104, stack(0x000000001b6f0000,0x000000001b7f0000)]
  0x00000000198d4000 JavaThread "Daemon" [_thread_blocked, id=11120, stack(0x000000001b5f0000,0x000000001b6f0000)]
  0x0000000019cac800 JavaThread "Daemon periodic checks" [_thread_blocked, id=12100, stack(0x000000001b4f0000,0x000000001b5f0000)]
  0x0000000019cc2800 JavaThread "Incoming local TCP Connector on port 53115" [_thread_in_native, id=14080, stack(0x000000001b2b0000,0x000000001b3b0000)]
  0x0000000019a6a000 JavaThread "Daemon health stats" [_thread_blocked, id=4284, stack(0x000000001ac70000,0x000000001ad70000)]
  0x0000000017eef800 JavaThread "Service Thread" daemon [_thread_blocked, id=5724, stack(0x00000000182d0000,0x00000000183d0000)]
  0x00000000165b1800 JavaThread "C1 CompilerThread2" daemon [_thread_blocked, id=10264, stack(0x0000000017dd0000,0x0000000017ed0000)]
=>0x0000000016560000 JavaThread "C2 CompilerThread1" daemon [_thread_in_native, id=7044, stack(0x0000000017cd0000,0x0000000017dd0000)]
  0x000000001655c000 JavaThread "C2 CompilerThread0" daemon [_thread_in_native, id=7444, stack(0x0000000017bd0000,0x0000000017cd0000)]
  0x000000001655a800 JavaThread "Attach Listener" daemon [_thread_blocked, id=14400, stack(0x0000000017ad0000,0x0000000017bd0000)]
  0x0000000016559800 JavaThread "Signal Dispatcher" daemon [_thread_blocked, id=9148, stack(0x00000000179d0000,0x0000000017ad0000)]
  0x0000000002bbb000 JavaThread "Finalizer" daemon [_thread_blocked, id=13232, stack(0x00000000177c0000,0x00000000178c0000)]
  0x0000000016549000 JavaThread "Reference Handler" daemon [_thread_blocked, id=2284, stack(0x00000000176c0000,0x00000000177c0000)]
  0x00000000029ae000 JavaThread "main" [_thread_blocked, id=10164, stack(0x00000000029b0000,0x0000000002ab0000)]

Other Threads:
  0x0000000016526000 VMThread [stack: 0x00000000175c0000,0x00000000176c0000] [id=13652]
  0x0000000017ef0000 WatcherThread [stack: 0x00000000183d0000,0x00000000184d0000] [id=16332]

VM state:not at safepoint (normal execution)

VM Mutex/Monitor currently owned by a thread: None

heap address: 0x00000000a0000000, size: 1536 MB, Compressed Oops mode: 32-bit
Narrow klass base: 0x0000000000000000, Narrow klass shift: 3
Compressed class space size: 1073741824 Address: 0x0000000100000000

Heap:
 PSYoungGen      total 143360K, used 82717K [0x00000000e0000000, 0x00000000eb380000, 0x0000000100000000)
  eden space 126976K, 57% used [0x00000000e0000000,0x00000000e47390d0,0x00000000e7c00000)
  from space 16384K, 59% used [0x00000000e7c00000,0x00000000e858e500,0x00000000e8c00000)
  to   space 16384K, 0% used [0x00000000ea380000,0x00000000ea380000,0x00000000eb380000)
 ParOldGen       total 88064K, used 36542K [0x00000000a0000000, 0x00000000a5600000, 0x00000000e0000000)
  object space 88064K, 41% used [0x00000000a0000000,0x00000000a23afbc8,0x00000000a5600000)
 Metaspace       used 63287K, capacity 65394K, committed 65624K, reserved 1105920K
  class space    used 8514K, capacity 8984K, committed 9048K, reserved 1048576K

Card table byte_map: [0x0000000011f90000,0x00000000122a0000] byte_map_base: 0x0000000011a90000

Marking Bits: (ParMarkBitMap*) 0x0000000070659f30
 Begin Bits: [0x00000000128a0000, 0x00000000140a0000)
 End Bits:   [0x00000000140a0000, 0x00000000158a0000)

Polling page: 0x0000000002990000

CodeCache: size=245760Kb used=20798Kb max_used=20798Kb free=224961Kb
 bounds [0x0000000002bd0000, 0x0000000004040000, 0x0000000011bd0000]
 total_blobs=6794 nmethods=5984 adapters=723
 compilation: enabled

Compilation events (10 events):
Event: 17.262 Thread 0x00000000165b1800 6563   !   3       org.codehaus.groovy.runtime.metaclass.ClosureMetaClass::invokeMethod (872 bytes)
Event: 17.268 Thread 0x00000000165b1800 nmethod 6563 0x0000000004026350 code [0x00000000040269a0, 0x000000000402b7b8]
Event: 17.268 Thread 0x00000000165b1800 6564       3       org.codehaus.groovy.runtime.metaclass.ClosureMetaClass::makeArguments (10 bytes)
Event: 17.269 Thread 0x00000000165b1800 nmethod 6564 0x000000000402e110 code [0x000000000402e260, 0x000000000402e3f0]
Event: 17.270 Thread 0x00000000165b1800 6565       3       groovy.lang.MetaClassImpl::getMethodWithCaching (65 bytes)
Event: 17.271 Thread 0x00000000165b1800 nmethod 6565 0x000000000402e490 code [0x000000000402e700, 0x000000000402f7a8]
Event: 17.271 Thread 0x00000000165b1800 6566       3       org.codehaus.groovy.runtime.InvokerHelper::asArray (32 bytes)
Event: 17.272 Thread 0x00000000165b1800 nmethod 6566 0x000000000402fe50 code [0x000000000402ffe0, 0x0000000004030550]
Event: 17.272 Thread 0x00000000165b1800 6567       3       org.gradle.internal.metaobject.BeanDynamicObject::<init> (61 bytes)
Event: 17.272 Thread 0x00000000165b1800 nmethod 6567 0x0000000004030650 code [0x00000000040307e0, 0x0000000004030bb8]

GC Heap History (10 events):
Event: 11.204 GC heap before
{Heap before GC invocations=14 (full 2):
 PSYoungGen      total 88064K, used 77312K [0x00000000e0000000, 0x00000000e8780000, 0x0000000100000000)
  eden space 77312K, 100% used [0x00000000e0000000,0x00000000e4b80000,0x00000000e4b80000)
  from space 10752K, 0% used [0x00000000e4b80000,0x00000000e4b80000,0x00000000e5600000)
  to   space 11264K, 0% used [0x00000000e7c80000,0x00000000e7c80000,0x00000000e8780000)
 ParOldGen       total 88064K, used 16498K [0x00000000a0000000, 0x00000000a5600000, 0x00000000e0000000)
  object space 88064K, 18% used [0x00000000a0000000,0x00000000a101cb38,0x00000000a5600000)
 Metaspace       used 42222K, capacity 43250K, committed 43392K, reserved 1087488K
  class space    used 5701K, capacity 5949K, committed 6016K, reserved 1048576K
Event: 11.226 GC heap after
Heap after GC invocations=14 (full 2):
 PSYoungGen      total 110592K, used 10180K [0x00000000e0000000, 0x00000000e8680000, 0x0000000100000000)
  eden space 100352K, 0% used [0x00000000e0000000,0x00000000e0000000,0x00000000e6200000)
  from space 10240K, 99% used [0x00000000e7c80000,0x00000000e86713e0,0x00000000e8680000)
  to   space 12288K, 0% used [0x00000000e6e80000,0x00000000e6e80000,0x00000000e7a80000)
 ParOldGen       total 88064K, used 16506K [0x00000000a0000000, 0x00000000a5600000, 0x00000000e0000000)
  object space 88064K, 18% used [0x00000000a0000000,0x00000000a101eb38,0x00000000a5600000)
 Metaspace       used 42222K, capacity 43250K, committed 43392K, reserved 1087488K
  class space    used 5701K, capacity 5949K, committed 6016K, reserved 1048576K
}
Event: 12.742 GC heap before
{Heap before GC invocations=15 (full 2):
 PSYoungGen      total 110592K, used 110532K [0x00000000e0000000, 0x00000000e8680000, 0x0000000100000000)
  eden space 100352K, 100% used [0x00000000e0000000,0x00000000e6200000,0x00000000e6200000)
  from space 10240K, 99% used [0x00000000e7c80000,0x00000000e86713e0,0x00000000e8680000)
  to   space 12288K, 0% used [0x00000000e6e80000,0x00000000e6e80000,0x00000000e7a80000)
 ParOldGen       total 88064K, used 16506K [0x00000000a0000000, 0x00000000a5600000, 0x00000000e0000000)
  object space 88064K, 18% used [0x00000000a0000000,0x00000000a101eb38,0x00000000a5600000)
 Metaspace       used 49985K, capacity 51342K, committed 51584K, reserved 1093632K
  class space    used 6640K, capacity 6980K, committed 7040K, reserved 1048576K
Event: 12.761 GC heap after
Heap after GC invocations=15 (full 2):
 PSYoungGen      total 125440K, used 12283K [0x00000000e0000000, 0x00000000e9b80000, 0x0000000100000000)
  eden space 113152K, 0% used [0x00000000e0000000,0x00000000e0000000,0x00000000e6e80000)
  from space 12288K, 99% used [0x00000000e6e80000,0x00000000e7a7edd8,0x00000000e7a80000)
  to   space 15872K, 0% used [0x00000000e8c00000,0x00000000e8c00000,0x00000000e9b80000)
 ParOldGen       total 88064K, used 22048K [0x00000000a0000000, 0x00000000a5600000, 0x00000000e0000000)
  object space 88064K, 25% used [0x00000000a0000000,0x00000000a1588338,0x00000000a5600000)
 Metaspace       used 49985K, capacity 51342K, committed 51584K, reserved 1093632K
  class space    used 6640K, capacity 6980K, committed 7040K, reserved 1048576K
}
Event: 14.266 GC heap before
{Heap before GC invocations=16 (full 2):
 PSYoungGen      total 125440K, used 105170K [0x00000000e0000000, 0x00000000e9b80000, 0x0000000100000000)
  eden space 113152K, 82% used [0x00000000e0000000,0x00000000e5ab5d10,0x00000000e6e80000)
  from space 12288K, 99% used [0x00000000e6e80000,0x00000000e7a7edd8,0x00000000e7a80000)
  to   space 15872K, 0% used [0x00000000e8c00000,0x00000000e8c00000,0x00000000e9b80000)
 ParOldGen       total 88064K, used 22048K [0x00000000a0000000, 0x00000000a5600000, 0x00000000e0000000)
  object space 88064K, 25% used [0x00000000a0000000,0x00000000a1588338,0x00000000a5600000)
 Metaspace       used 57327K, capacity 59006K, committed 59096K, reserved 1099776K
  class space    used 7681K, capacity 8092K, committed 8152K, reserved 1048576K
Event: 14.288 GC heap after
Heap after GC invocations=16 (full 2):
 PSYoungGen      total 142848K, used 10510K [0x00000000e0000000, 0x00000000eaa80000, 0x0000000100000000)
  eden space 126976K, 0% used [0x00000000e0000000,0x00000000e0000000,0x00000000e7c00000)
  from space 15872K, 66% used [0x00000000e8c00000,0x00000000e9643a78,0x00000000e9b80000)
  to   space 16384K, 0% used [0x00000000e7c00000,0x00000000e7c00000,0x00000000e8c00000)
 ParOldGen       total 88064K, used 28466K [0x00000000a0000000, 0x00000000a5600000, 0x00000000e0000000)
  object space 88064K, 32% used [0x00000000a0000000,0x00000000a1bcc910,0x00000000a5600000)
 Metaspace       used 57327K, capacity 59006K, committed 59096K, reserved 1099776K
  class space    used 7681K, capacity 8092K, committed 8152K, reserved 1048576K
}
Event: 14.288 GC heap before
{Heap before GC invocations=17 (full 3):
 PSYoungGen      total 142848K, used 10510K [0x00000000e0000000, 0x00000000eaa80000, 0x0000000100000000)
  eden space 126976K, 0% used [0x00000000e0000000,0x00000000e0000000,0x00000000e7c00000)
  from space 15872K, 66% used [0x00000000e8c00000,0x00000000e9643a78,0x00000000e9b80000)
  to   space 16384K, 0% used [0x00000000e7c00000,0x00000000e7c00000,0x00000000e8c00000)
 ParOldGen       total 88064K, used 28466K [0x00000000a0000000, 0x00000000a5600000, 0x00000000e0000000)
  object space 88064K, 32% used [0x00000000a0000000,0x00000000a1bcc910,0x00000000a5600000)
 Metaspace       used 57327K, capacity 59006K, committed 59096K, reserved 1099776K
  class space    used 7681K, capacity 8092K, committed 8152K, reserved 1048576K
Event: 14.613 GC heap after
Heap after GC invocations=17 (full 3):
 PSYoungGen      total 142848K, used 0K [0x00000000e0000000, 0x00000000eaa80000, 0x0000000100000000)
  eden space 126976K, 0% used [0x00000000e0000000,0x00000000e0000000,0x00000000e7c00000)
  from space 15872K, 0% used [0x00000000e8c00000,0x00000000e8c00000,0x00000000e9b80000)
  to   space 16384K, 0% used [0x00000000e7c00000,0x00000000e7c00000,0x00000000e8c00000)
 ParOldGen       total 88064K, used 36470K [0x00000000a0000000, 0x00000000a5600000, 0x00000000e0000000)
  object space 88064K, 41% used [0x00000000a0000000,0x00000000a239dbb8,0x00000000a5600000)
 Metaspace       used 57290K, capacity 58882K, committed 59096K, reserved 1099776K
  class space    used 7671K, capacity 8078K, committed 8152K, reserved 1048576K
}
Event: 16.810 GC heap before
{Heap before GC invocations=18 (full 3):
 PSYoungGen      total 142848K, used 126976K [0x00000000e0000000, 0x00000000eaa80000, 0x0000000100000000)
  eden space 126976K, 100% used [0x00000000e0000000,0x00000000e7c00000,0x00000000e7c00000)
  from space 15872K, 0% used [0x00000000e8c00000,0x00000000e8c00000,0x00000000e9b80000)
  to   space 16384K, 0% used [0x00000000e7c00000,0x00000000e7c00000,0x00000000e8c00000)
 ParOldGen       total 88064K, used 36470K [0x00000000a0000000, 0x00000000a5600000, 0x00000000e0000000)
  object space 88064K, 41% used [0x00000000a0000000,0x00000000a239dbb8,0x00000000a5600000)
 Metaspace       used 62969K, capacity 64928K, committed 65112K, reserved 1105920K
  class space    used 8487K, capacity 8952K, committed 9048K, reserved 1048576K
Event: 16.825 GC heap after
Heap after GC invocations=18 (full 3):
 PSYoungGen      total 143360K, used 9785K [0x00000000e0000000, 0x00000000eb380000, 0x0000000100000000)
  eden space 126976K, 0% used [0x00000000e0000000,0x00000000e0000000,0x00000000e7c00000)
  from space 16384K, 59% used [0x00000000e7c00000,0x00000000e858e500,0x00000000e8c00000)
  to   space 16384K, 0% used [0x00000000ea380000,0x00000000ea380000,0x00000000eb380000)
 ParOldGen       total 88064K, used 36542K [0x00000000a0000000, 0x00000000a5600000, 0x00000000e0000000)
  object space 88064K, 41% used [0x00000000a0000000,0x00000000a23afbc8,0x00000000a5600000)
 Metaspace       used 62969K, capacity 64928K, committed 65112K, reserved 1105920K
  class space    used 8487K, capacity 8952K, committed 9048K, reserved 1048576K
}

Deoptimization events (10 events):
Event: 15.466 Thread 0x000000001863a800 Uncommon trap: reason=unstable_if action=reinterpret pc=0x0000000003980b74 method=java.util.TreeMap.put(Ljava/lang/Object;Ljava/lang/Object;)Ljava/lang/Object; @ 163
Event: 15.928 Thread 0x000000001863a800 Uncommon trap: reason=unloaded action=reinterpret pc=0x0000000003dd2d2c method=org.gradle.api.internal.project.taskfactory.DefaultTaskClassInfoStore.createTaskAction(Ljava/lang/Class;Ljava/lang/reflect/Method;Ljava/util/Map;)Lorg/gradle/api/internal/proje
Event: 16.077 Thread 0x000000001863a800 Uncommon trap: reason=unstable_if action=reinterpret pc=0x0000000003c0e944 method=org.objectweb.asm.Type.getArgumentsAndReturnSizes(Ljava/lang/String;)I @ 109
Event: 16.077 Thread 0x000000001863a800 Uncommon trap: reason=unstable_if action=reinterpret pc=0x000000000398a26c method=org.objectweb.asm.Type.getArgumentsAndReturnSizes(Ljava/lang/String;)I @ 109
Event: 16.318 Thread 0x000000001863a800 Uncommon trap: reason=unstable_if action=reinterpret pc=0x00000000036ff84c method=groovy.lang.MetaClassImpl.checkIfStdMethod(Lgroovy/lang/MetaMethod;)V @ 55
Event: 16.318 Thread 0x000000001863a800 Uncommon trap: reason=unstable_if action=reinterpret pc=0x00000000037077f8 method=groovy.lang.MetaClassImpl.checkIfStdMethod(Lgroovy/lang/MetaMethod;)V @ 55
Event: 16.353 Thread 0x000000001863a800 Uncommon trap: reason=class_check action=maybe_recompile pc=0x0000000003173d40 method=java.lang.Throwable.<init>(Ljava/lang/String;Ljava/lang/Throwable;)V @ 24
Event: 16.354 Thread 0x000000001863a800 Uncommon trap: reason=class_check action=maybe_recompile pc=0x0000000003173d40 method=java.lang.Throwable.<init>(Ljava/lang/String;Ljava/lang/Throwable;)V @ 24
Event: 16.354 Thread 0x000000001863a800 Uncommon trap: reason=class_check action=maybe_recompile pc=0x0000000003173d40 method=java.lang.Throwable.<init>(Ljava/lang/String;Ljava/lang/Throwable;)V @ 24
Event: 16.789 Thread 0x000000001863a800 Uncommon trap: reason=unstable_if action=reinterpret pc=0x0000000003d50a54 method=java.lang.reflect.Modifier.toString(I)Ljava/lang/String; @ 123

Classes redefined (0 events):
No events

Internal exceptions (10 events):
Event: 17.254 Thread 0x000000001863a800 Exception <a 'java/lang/ClassNotFoundException': com/android/build/gradle/tasks/MergeResources_DecoratedBeanInfo> (0x00000000e41426e0) thrown at [D:\src\AOSP-openjdk-cygwin\jdk8u\hotspot\src\share\vm\classfile\systemDictionary.cpp, line 210]
Event: 17.254 Thread 0x000000001863a800 Exception <a 'java/lang/ClassNotFoundException': com/android/build/gradle/tasks/MergeResourcesBeanInfo> (0x00000000e415c440) thrown at [D:\src\AOSP-openjdk-cygwin\jdk8u\hotspot\src\share\vm\classfile\systemDictionary.cpp, line 210]
Event: 17.255 Thread 0x000000001863a800 Exception <a 'java/lang/ClassNotFoundException': com/android/build/gradle/tasks/ResourceAwareTaskBeanInfo> (0x00000000e41774f0) thrown at [D:\src\AOSP-openjdk-cygwin\jdk8u\hotspot\src\share\vm\classfile\systemDictionary.cpp, line 210]
Event: 17.255 Thread 0x000000001863a800 Exception <a 'java/lang/ClassNotFoundException': com/android/build/gradle/tasks/ResourceAwareTaskCustomizer> (0x00000000e4192070) thrown at [D:\src\AOSP-openjdk-cygwin\jdk8u\hotspot\src\share\vm\classfile\systemDictionary.cpp, line 210]
Event: 17.256 Thread 0x000000001863a800 Exception <a 'java/lang/ClassNotFoundException': com/android/build/gradle/tasks/MergeResourcesCustomizer> (0x00000000e41cba38) thrown at [D:\src\AOSP-openjdk-cygwin\jdk8u\hotspot\src\share\vm\classfile\systemDictionary.cpp, line 210]
Event: 17.258 Thread 0x000000001863a800 Exception <a 'java/lang/ClassNotFoundException': com/android/build/gradle/tasks/MergeResources_DecoratedCustomizer> (0x00000000e4219800) thrown at [D:\src\AOSP-openjdk-cygwin\jdk8u\hotspot\src\share\vm\classfile\systemDictionary.cpp, line 210]
Event: 17.265 Thread 0x000000001863a800 Exception <a 'java/lang/ClassNotFoundException': com/android/build/gradle/internal/tasks/DexMergingTask_DecoratedBeanInfo> (0x00000000e4306a18) thrown at [D:\src\AOSP-openjdk-cygwin\jdk8u\hotspot\src\share\vm\classfile\systemDictionary.cpp, line 210]
Event: 17.266 Thread 0x000000001863a800 Exception <a 'java/lang/ClassNotFoundException': com/android/build/gradle/internal/tasks/DexMergingTaskBeanInfo> (0x00000000e4322be0) thrown at [D:\src\AOSP-openjdk-cygwin\jdk8u\hotspot\src\share\vm\classfile\systemDictionary.cpp, line 210]
Event: 17.268 Thread 0x000000001863a800 Exception <a 'java/lang/ClassNotFoundException': com/android/build/gradle/internal/tasks/DexMergingTaskCustomizer> (0x00000000e433f720) thrown at [D:\src\AOSP-openjdk-cygwin\jdk8u\hotspot\src\share\vm\classfile\systemDictionary.cpp, line 210]
Event: 17.269 Thread 0x000000001863a800 Exception <a 'java/lang/ClassNotFoundException': com/android/build/gradle/internal/tasks/DexMergingTask_DecoratedCustomizer> (0x00000000e4392ad0) thrown at [D:\src\AOSP-openjdk-cygwin\jdk8u\hotspot\src\share\vm\classfile\systemDictionary.cpp, line 210]

Events (10 events):
Event: 17.266 loading class com/android/build/gradle/internal/tasks/DexMergingTaskCustomizer
Event: 17.266 loading class com/android/build/gradle/internal/tasks/DexMergingTaskCustomizer done
Event: 17.269 loading class com/android/build/gradle/internal/tasks/DexMergingTask_DecoratedCustomizer
Event: 17.269 loading class com/android/build/gradle/internal/tasks/DexMergingTask_DecoratedCustomizer done
Event: 17.269 loading class com/android/build/gradle/internal/tasks/DexMergingTask_DecoratedCustomizer
Event: 17.269 loading class com/android/build/gradle/internal/tasks/DexMergingTask_DecoratedCustomizer done
Event: 17.269 loading class com/android/build/gradle/internal/tasks/DexMergingTask_DecoratedCustomizer
Event: 17.269 loading class com/android/build/gradle/internal/tasks/DexMergingTask_DecoratedCustomizer done
Event: 17.272 loading class groovy/runtime/metaclass/com/android/build/gradle/tasks/PackageApplication_DecoratedMetaClass
Event: 17.272 loading class groovy/runtime/metaclass/com/android/build/gradle/tasks/PackageApplication_DecoratedMetaClass done


Dynamic libraries:
0x00007ff795640000 - 0x00007ff795671000 	C:\Program Files\Android\Android Studio\jre\bin\java.exe
0x00007ffb906e0000 - 0x00007ffb908d0000 	C:\WINDOWS\SYSTEM32\ntdll.dll
0x00007ffb79960000 - 0x00007ffb79974000 	C:\Program Files\AVAST Software\Avast\aswhook.dll
0x00007ffb8f9f0000 - 0x00007ffb8faa2000 	C:\WINDOWS\System32\KERNEL32.DLL
0x00007ffb8d670000 - 0x00007ffb8d913000 	C:\WINDOWS\System32\KERNELBASE.dll
0x00007ffb8f940000 - 0x00007ffb8f9e3000 	C:\WINDOWS\System32\ADVAPI32.dll
0x00007ffb90450000 - 0x00007ffb904ee000 	C:\WINDOWS\System32\msvcrt.dll
0x00007ffb8f6e0000 - 0x00007ffb8f777000 	C:\WINDOWS\System32\sechost.dll
0x00007ffb8f5c0000 - 0x00007ffb8f6e0000 	C:\WINDOWS\System32\RPCRT4.dll
0x00007ffb8f7a0000 - 0x00007ffb8f934000 	C:\WINDOWS\System32\USER32.dll
0x00007ffb8e2a0000 - 0x00007ffb8e2c1000 	C:\WINDOWS\System32\win32u.dll
0x00007ffb8e790000 - 0x00007ffb8e7b6000 	C:\WINDOWS\System32\GDI32.dll
0x00007ffb8e5f0000 - 0x00007ffb8e784000 	C:\WINDOWS\System32\gdi32full.dll
0x00007ffb8e550000 - 0x00007ffb8e5ee000 	C:\WINDOWS\System32\msvcp_win.dll
0x00007ffb8e450000 - 0x00007ffb8e54a000 	C:\WINDOWS\System32\ucrtbase.dll
0x00007ffb7a5a0000 - 0x00007ffb7a825000 	C:\WINDOWS\WinSxS\amd64_microsoft.windows.common-controls_6595b64144ccf1df_6.0.18362.592_none_e6c0b1911312be02\COMCTL32.dll
0x00007ffb8fca0000 - 0x00007ffb8ffd6000 	C:\WINDOWS\System32\combase.dll
0x00007ffb8e1d0000 - 0x00007ffb8e250000 	C:\WINDOWS\System32\bcryptPrimitives.dll
0x00007ffb8ea70000 - 0x00007ffb8ea9e000 	C:\WINDOWS\System32\IMM32.DLL
0x000000006fcd0000 - 0x000000006fda2000 	C:\Program Files\Android\Android Studio\jre\jre\bin\msvcr100.dll
0x000000006fe90000 - 0x00000000706d6000 	C:\Program Files\Android\Android Studio\jre\jre\bin\server\jvm.dll
0x00007ffb8ea60000 - 0x00007ffb8ea68000 	C:\WINDOWS\System32\PSAPI.DLL
0x00007ffb791d0000 - 0x00007ffb791d9000 	C:\WINDOWS\SYSTEM32\WSOCK32.dll
0x00007ffb8fab0000 - 0x00007ffb8fb1f000 	C:\WINDOWS\System32\WS2_32.dll
0x00007ffb88590000 - 0x00007ffb885b4000 	C:\WINDOWS\SYSTEM32\WINMM.dll
0x00007ffb83970000 - 0x00007ffb8397a000 	C:\WINDOWS\SYSTEM32\VERSION.dll
0x00007ffb883e0000 - 0x00007ffb8840d000 	C:\WINDOWS\SYSTEM32\WINMMBASE.dll
0x00007ffb8e250000 - 0x00007ffb8e29a000 	C:\WINDOWS\System32\cfgmgr32.dll
0x00007ffb85330000 - 0x00007ffb8533f000 	C:\Program Files\Android\Android Studio\jre\jre\bin\verify.dll
0x00007ffb84070000 - 0x00007ffb84099000 	C:\Program Files\Android\Android Studio\jre\jre\bin\java.dll
0x00007ffb7c7b0000 - 0x00007ffb7c7c6000 	C:\Program Files\Android\Android Studio\jre\jre\bin\zip.dll
0x00007ffb8ed10000 - 0x00007ffb8f3f5000 	C:\WINDOWS\System32\SHELL32.dll
0x00007ffb8fb20000 - 0x00007ffb8fbc9000 	C:\WINDOWS\System32\shcore.dll
0x00007ffb8da30000 - 0x00007ffb8e1af000 	C:\WINDOWS\System32\windows.storage.dll
0x00007ffb8d630000 - 0x00007ffb8d64f000 	C:\WINDOWS\System32\profapi.dll
0x00007ffb8d5c0000 - 0x00007ffb8d60a000 	C:\WINDOWS\System32\powrprof.dll
0x00007ffb8d5b0000 - 0x00007ffb8d5c0000 	C:\WINDOWS\System32\UMPDC.dll
0x00007ffb8eaa0000 - 0x00007ffb8eaf2000 	C:\WINDOWS\System32\shlwapi.dll
0x00007ffb8d610000 - 0x00007ffb8d621000 	C:\WINDOWS\System32\kernel.appcore.dll
0x00007ffb8e1b0000 - 0x00007ffb8e1c7000 	C:\WINDOWS\System32\cryptsp.dll
0x00007ffb6ec30000 - 0x00007ffb6ec4a000 	C:\Program Files\Android\Android Studio\jre\jre\bin\net.dll
0x00007ffb8ce20000 - 0x00007ffb8ce87000 	C:\WINDOWS\system32\mswsock.dll
0x00007ffb6eab0000 - 0x00007ffb6eac1000 	C:\Program Files\Android\Android Studio\jre\jre\bin\nio.dll
0x00007ffb64f80000 - 0x00007ffb64fa6000 	C:\Users\Alva Gani\.gradle\native\29\windows-amd64\native-platform.dll
0x00007ffb852d0000 - 0x00007ffb852dd000 	C:\Program Files\Android\Android Studio\jre\jre\bin\management.dll
0x00007ffb8c930000 - 0x00007ffb8c963000 	C:\WINDOWS\system32\rsaenh.dll
0x00007ffb8e2d0000 - 0x00007ffb8e2f6000 	C:\WINDOWS\System32\bcrypt.dll
0x00007ffb8d4d0000 - 0x00007ffb8d4f5000 	C:\WINDOWS\SYSTEM32\USERENV.dll
0x00007ffb8cff0000 - 0x00007ffb8cffc000 	C:\WINDOWS\SYSTEM32\CRYPTBASE.dll
0x00007ffb8cb30000 - 0x00007ffb8cb6a000 	C:\WINDOWS\SYSTEM32\IPHLPAPI.DLL
0x00007ffb8e950000 - 0x00007ffb8e958000 	C:\WINDOWS\System32\NSI.dll
0x00007ffb80fd0000 - 0x00007ffb80fe6000 	C:\WINDOWS\SYSTEM32\dhcpcsvc6.DLL
0x00007ffb80fb0000 - 0x00007ffb80fcc000 	C:\WINDOWS\SYSTEM32\dhcpcsvc.DLL
0x00007ffb8cb70000 - 0x00007ffb8cc3a000 	C:\WINDOWS\SYSTEM32\DNSAPI.dll

VM Arguments:
jvm_args: -Xmx1536m -Dfile.encoding=windows-1252 -Duser.country=ID -Duser.language=en -Duser.variant 
java_command: org.gradle.launcher.daemon.bootstrap.GradleDaemon 5.4.1
java_class_path (initial): C:\Users\Alva Gani\.gradle\wrapper\dists\gradle-5.4.1-all\3221gyojl5jsh0helicew7rwx\gradle-5.4.1\lib\gradle-launcher-5.4.1.jar
Launcher Type: SUN_STANDARD

Environment Variables:
PATH=C:\ProgramData\Oracle\Java\javapath;C:\WINDOWS\system32;C:\WINDOWS;C:\WINDOWS\System32\Wbem;C:\WINDOWS\System32\WindowsPowerShell\v1.0\;C:\WINDOWS\System32\OpenSSH\;C:\Go\bin;C:\Users\Alva Gani\AppData\Local\Microsoft\WindowsApps;C:\Users\Alva Gani\go\bin;C:\Users\Alva Gani\AppData\Local\Programs\Microsoft VS Code\bin;
USERNAME=Alva Gani
OS=Windows_NT
PROCESSOR_IDENTIFIER=Intel64 Family 6 Model 78 Stepping 3, GenuineIntel



---------------  S Y S T E M  ---------------

OS: Windows 10.0 , 64 bit Build 18362 (10.0.18362.329)

CPU:total 4 (initial active 4) (2 cores per cpu, 2 threads per core) family 6 model 78 stepping 3, cmov, cx8, fxsr, mmx, sse, sse2, sse3, ssse3, sse4.1, sse4.2, popcnt, avx, avx2, aes, clmul, erms, 3dnowpref, lzcnt, ht, tsc, tscinvbit, bmi1, bmi2, adx

Memory: 4k page, physical 8282712k(474836k free), swap 33448536k(5148k free)

vm_info: OpenJDK 64-Bit Server VM (25.202-b03) for windows-amd64 JRE (1.8.0_202-release-1483-b03), built by "builder" with MS VC++ 10.0 (VS2010)

time: Fri Feb 07 18:15:13 2020
timezone: SE Asia Standard Time
elapsed time: 17 seconds (0d 0h 0m 17s)

