#
# There is insufficient memory for the Java Runtime Environment to continue.
# Native memory allocation (malloc) failed to allocate 1062576 bytes for Chunk::new
# Possible reasons:
#   The system is out of physical RAM or swap space
#   The process is running with CompressedOops enabled, and the Java Heap may be blocking the growth of the native heap
# Possible solutions:
#   Reduce memory load on the system
#   Increase physical memory or swap space
#   Check if swap backing store is full
#   Decrease Java heap size (-Xmx/-Xms)
#   Decrease number of Java threads
#   Decrease Java thread stack sizes (-Xss)
#   Set larger code cache with -XX:ReservedCodeCacheSize=
#   JVM is running with Unscaled Compressed Oops mode in which the Java heap is
#     placed in the first 4GB address space. The Java Heap base address is the
#     maximum limit for the native heap growth. Please use -XX:HeapBaseMinAddress
#     to set the Java Heap base and to place the Java Heap above 4GB virtual address.
# This output file may be truncated or incomplete.
#
#  Out of Memory Error (allocation.cpp:389), pid=11548, tid=0x00000000000037b4
#
# JRE version: OpenJDK Runtime Environment (8.0_202-b03) (build 1.8.0_202-release-1483-b03)
# Java VM: OpenJDK 64-Bit Server VM (25.202-b03 mixed mode windows-amd64 compressed oops)
# Failed to write core dump. Minidumps are not enabled by default on client versions of Windows
#

---------------  T H R E A D  ---------------

Current thread (0x0000000015f7b800):  JavaThread "C2 CompilerThread0" daemon [_thread_in_native, id=14260, stack(0x00000000175d0000,0x00000000176d0000)]

Stack: [0x00000000175d0000,0x00000000176d0000]
[error occurred during error reporting (printing stack bounds), id 0xc0000005]

Native frames: (J=compiled Java code, j=interpreted, Vv=VM code, C=native code)


Current CompileTask:
C2:   8353 3699   !   4       java.security.SecureClassLoader::getProtectionDomain (114 bytes)


---------------  P R O C E S S  ---------------

Java Threads: ( => current thread )
  0x0000000019ce3800 JavaThread "pool-1-thread-1" [_thread_blocked, id=15420, stack(0x0000000020700000,0x0000000020800000)]
  0x0000000019cdb800 JavaThread "Build operations Thread 4" [_thread_blocked, id=15848, stack(0x0000000020600000,0x0000000020700000)]
  0x0000000019ce2000 JavaThread "Build operations Thread 3" [_thread_blocked, id=10336, stack(0x0000000020500000,0x0000000020600000)]
  0x0000000019cda800 JavaThread "Build operations Thread 2" [_thread_blocked, id=11208, stack(0x0000000020400000,0x0000000020500000)]
  0x0000000019ce1800 JavaThread "Build operations" [_thread_blocked, id=8552, stack(0x0000000020300000,0x0000000020400000)]
  0x0000000019cda000 JavaThread "Cache worker for execution history cache (C:\Users\Alva Gani\.gradle\caches\5.4.1\executionHistory)" [_thread_blocked, id=15132, stack(0x000000001fb70000,0x000000001fc70000)]
  0x0000000019ce0800 JavaThread "Cache worker for cache directory md-rule (C:\Users\Alva Gani\.gradle\caches\5.4.1\md-rule)" [_thread_blocked, id=3928, stack(0x000000001e830000,0x000000001e930000)]
  0x0000000019cdf000 JavaThread "Cache worker for cache directory md-supplier (C:\Users\Alva Gani\.gradle\caches\5.4.1\md-supplier)" [_thread_blocked, id=10544, stack(0x000000001df90000,0x000000001e090000)]
  0x00000000186d3800 JavaThread "Cache worker for file hash cache (C:\Users\Alva Gani\a\.gradle\5.4.1\fileHashes)" [_thread_blocked, id=16072, stack(0x000000001e330000,0x000000001e430000)]
  0x00000000186d5800 JavaThread "Cache worker for journal cache (C:\Users\Alva Gani\.gradle\caches\journal-1)" [_thread_blocked, id=4420, stack(0x000000001bcf0000,0x000000001bdf0000)]
  0x00000000186d2800 JavaThread "File lock request listener" [_thread_in_native, id=11684, stack(0x000000001b9f0000,0x000000001baf0000)]
  0x00000000186d7000 JavaThread "Cache worker for file hash cache (C:\Users\Alva Gani\.gradle\caches\5.4.1\fileHashes)" [_thread_blocked, id=7344, stack(0x000000001b8f0000,0x000000001b9f0000)]
  0x00000000189ec800 JavaThread "Thread-9" [_thread_blocked, id=1344, stack(0x000000001b7f0000,0x000000001b8f0000)]
  0x00000000189eb800 JavaThread "Stdin handler" [_thread_blocked, id=13060, stack(0x000000001b6f0000,0x000000001b7f0000)]
  0x00000000189ee000 JavaThread "Asynchronous log dispatcher for DefaultDaemonConnection: socket connection from /127.0.0.1:53125 to /127.0.0.1:53126" [_thread_blocked, id=464, stack(0x000000001b5f0000,0x000000001b6f0000)]
  0x0000000017b8f800 JavaThread "Daemon worker" [_thread_in_Java, id=884, stack(0x000000001b4f0000,0x000000001b5f0000)]
  0x0000000017b8e800 JavaThread "Cancel handler" [_thread_blocked, id=8492, stack(0x000000001b3f0000,0x000000001b4f0000)]
  0x00000000190b5000 JavaThread "Handler for socket connection from /127.0.0.1:53125 to /127.0.0.1:53126" [_thread_in_native, id=13544, stack(0x000000001b0f0000,0x000000001b1f0000)]
  0x00000000190b4800 JavaThread "Daemon" [_thread_blocked, id=3500, stack(0x000000001aff0000,0x000000001b0f0000)]
  0x0000000018ff0800 JavaThread "Daemon periodic checks" [_thread_blocked, id=10076, stack(0x000000001aef0000,0x000000001aff0000)]
  0x0000000019525800 JavaThread "Incoming local TCP Connector on port 53125" [_thread_in_native, id=10676, stack(0x000000001acb0000,0x000000001adb0000)]
  0x0000000018c67800 JavaThread "Daemon health stats" [_thread_blocked, id=10708, stack(0x000000001a670000,0x000000001a770000)]
  0x0000000015fdd000 JavaThread "Service Thread" daemon [_thread_blocked, id=15376, stack(0x0000000017cd0000,0x0000000017dd0000)]
  0x0000000015f88000 JavaThread "C1 CompilerThread2" daemon [_thread_blocked, id=8, stack(0x00000000177d0000,0x00000000178d0000)]
  0x0000000015f7f800 JavaThread "C2 CompilerThread1" daemon [_thread_in_native, id=15704, stack(0x00000000176d0000,0x00000000177d0000)]
=>0x0000000015f7b800 JavaThread "C2 CompilerThread0" daemon [_thread_in_native, id=14260, stack(0x00000000175d0000,0x00000000176d0000)]
  0x0000000015f79800 JavaThread "Attach Listener" daemon [_thread_blocked, id=5688, stack(0x00000000174d0000,0x00000000175d0000)]
  0x0000000015f78800 JavaThread "Signal Dispatcher" daemon [_thread_blocked, id=3340, stack(0x00000000173d0000,0x00000000174d0000)]
  0x000000000260b000 JavaThread "Finalizer" daemon [_thread_blocked, id=2000, stack(0x00000000171d0000,0x00000000172d0000)]
  0x0000000015f69000 JavaThread "Reference Handler" daemon [_thread_blocked, id=10232, stack(0x00000000170d0000,0x00000000171d0000)]
  0x00000000023fe000 JavaThread "main" [_thread_blocked, id=13320, stack(0x0000000002410000,0x0000000002510000)]

Other Threads:
  0x0000000015f47000 VMThread [stack: 0x0000000016fd0000,0x00000000170d0000] [id=13348]
  0x0000000015fdd800 WatcherThread [stack: 0x0000000017dd0000,0x0000000017ed0000] [id=11188]

VM state:not at safepoint (normal execution)

VM Mutex/Monitor currently owned by a thread: None

heap address: 0x00000000a0000000, size: 1536 MB, Compressed Oops mode: 32-bit
Narrow klass base: 0x0000000000000000, Narrow klass shift: 3
Compressed class space size: 1073741824 Address: 0x0000000100000000

Heap:
 PSYoungGen      total 115712K, used 68255K [0x00000000e0000000, 0x00000000ea500000, 0x0000000100000000)
  eden space 104448K, 65% used [0x00000000e0000000,0x00000000e42a7ed8,0x00000000e6600000)
  from space 11264K, 0% used [0x00000000e6600000,0x00000000e6600000,0x00000000e7100000)
  to   space 12288K, 0% used [0x00000000e9900000,0x00000000e9900000,0x00000000ea500000)
 ParOldGen       total 93184K, used 18016K [0x00000000a0000000, 0x00000000a5b00000, 0x00000000e0000000)
  object space 93184K, 19% used [0x00000000a0000000,0x00000000a1198290,0x00000000a5b00000)
 Metaspace       used 41405K, capacity 42446K, committed 42536K, reserved 1085440K
  class space    used 5608K, capacity 5883K, committed 5928K, reserved 1048576K

Card table byte_map: [0x00000000119d0000,0x0000000011ce0000] byte_map_base: 0x00000000114d0000

Marking Bits: (ParMarkBitMap*) 0x0000000070659f30
 Begin Bits: [0x00000000122e0000, 0x0000000013ae0000)
 End Bits:   [0x0000000013ae0000, 0x00000000152e0000)

Polling page: 0x0000000000af0000

CodeCache: size=245760Kb used=11364Kb max_used=11364Kb free=234395Kb
 bounds [0x0000000002610000, 0x0000000003140000, 0x0000000011610000]
 total_blobs=4169 nmethods=3433 adapters=649
 compilation: enabled

Compilation events (10 events):
Event: 8.233 Thread 0x0000000015f88000 3713       3       java.lang.invoke.MemberName::getType (19 bytes)
Event: 8.233 Thread 0x0000000015f88000 nmethod 3713 0x000000000312f6d0 code [0x000000000312f860, 0x000000000312fdb8]
Event: 8.235 Thread 0x0000000015f88000 3714       3       java.lang.Class::getDeclaredField (34 bytes)
Event: 8.235 Thread 0x0000000015f88000 nmethod 3714 0x000000000312ff10 code [0x00000000031300c0, 0x00000000031303c8]
Event: 8.321 Thread 0x0000000015f88000 3716       1       java.lang.Enum::name (5 bytes)
Event: 8.322 Thread 0x0000000015f88000 nmethod 3716 0x0000000003130510 code [0x0000000003130660, 0x0000000003130770]
Event: 8.322 Thread 0x0000000015f88000 3717       3       java.lang.invoke.CallSite::maybeReBox (28 bytes)
Event: 8.322 Thread 0x0000000015f88000 nmethod 3717 0x00000000031307d0 code [0x0000000003130960, 0x0000000003130ff0]
Event: 8.323 Thread 0x0000000015f88000 3718       3       java.lang.invoke.MethodHandles$Lookup::lookupClassOrNull (17 bytes)
Event: 8.323 Thread 0x0000000015f88000 nmethod 3718 0x0000000003131250 code [0x00000000031313a0, 0x0000000003131550]

GC Heap History (10 events):
Event: 4.658 GC heap before
{Heap before GC invocations=7 (full 1):
 PSYoungGen      total 77312K, used 7586K [0x00000000e0000000, 0x00000000e5600000, 0x0000000100000000)
  eden space 66560K, 0% used [0x00000000e0000000,0x00000000e0000000,0x00000000e4100000)
  from space 10752K, 70% used [0x00000000e4b80000,0x00000000e52e8990,0x00000000e5600000)
  to   space 10752K, 0% used [0x00000000e4100000,0x00000000e4100000,0x00000000e4b80000)
 ParOldGen       total 87552K, used 8766K [0x00000000a0000000, 0x00000000a5580000, 0x00000000e0000000)
  object space 87552K, 10% used [0x00000000a0000000,0x00000000a088f880,0x00000000a5580000)
 Metaspace       used 20704K, capacity 21148K, committed 21296K, reserved 1067008K
  class space    used 2965K, capacity 3123K, committed 3200K, reserved 1048576K
Event: 4.726 GC heap after
Heap after GC invocations=7 (full 1):
 PSYoungGen      total 77312K, used 0K [0x00000000e0000000, 0x00000000e5600000, 0x0000000100000000)
  eden space 66560K, 0% used [0x00000000e0000000,0x00000000e0000000,0x00000000e4100000)
  from space 10752K, 0% used [0x00000000e4b80000,0x00000000e4b80000,0x00000000e5600000)
  to   space 10752K, 0% used [0x00000000e4100000,0x00000000e4100000,0x00000000e4b80000)
 ParOldGen       total 60928K, used 9153K [0x00000000a0000000, 0x00000000a3b80000, 0x00000000e0000000)
  object space 60928K, 15% used [0x00000000a0000000,0x00000000a08f0698,0x00000000a3b80000)
 Metaspace       used 20704K, capacity 21148K, committed 21296K, reserved 1067008K
  class space    used 2965K, capacity 3123K, committed 3200K, reserved 1048576K
}
Event: 5.505 GC heap before
{Heap before GC invocations=8 (full 1):
 PSYoungGen      total 77312K, used 66560K [0x00000000e0000000, 0x00000000e5600000, 0x0000000100000000)
  eden space 66560K, 100% used [0x00000000e0000000,0x00000000e4100000,0x00000000e4100000)
  from space 10752K, 0% used [0x00000000e4b80000,0x00000000e4b80000,0x00000000e5600000)
  to   space 10752K, 0% used [0x00000000e4100000,0x00000000e4100000,0x00000000e4b80000)
 ParOldGen       total 60928K, used 9153K [0x00000000a0000000, 0x00000000a3b80000, 0x00000000e0000000)
  object space 60928K, 15% used [0x00000000a0000000,0x00000000a08f0698,0x00000000a3b80000)
 Metaspace       used 28353K, capacity 28932K, committed 29184K, reserved 1075200K
  class space    used 3914K, capacity 4093K, committed 4096K, reserved 1048576K
Event: 5.513 GC heap after
Heap after GC invocations=8 (full 1):
 PSYoungGen      total 77312K, used 7706K [0x00000000e0000000, 0x00000000e7b80000, 0x0000000100000000)
  eden space 66560K, 0% used [0x00000000e0000000,0x00000000e0000000,0x00000000e4100000)
  from space 10752K, 71% used [0x00000000e4100000,0x00000000e4886a00,0x00000000e4b80000)
  to   space 10752K, 0% used [0x00000000e7100000,0x00000000e7100000,0x00000000e7b80000)
 ParOldGen       total 60928K, used 9161K [0x00000000a0000000, 0x00000000a3b80000, 0x00000000e0000000)
  object space 60928K, 15% used [0x00000000a0000000,0x00000000a08f2698,0x00000000a3b80000)
 Metaspace       used 28353K, capacity 28932K, committed 29184K, reserved 1075200K
  class space    used 3914K, capacity 4093K, committed 4096K, reserved 1048576K
}
Event: 6.273 GC heap before
{Heap before GC invocations=9 (full 1):
 PSYoungGen      total 77312K, used 74266K [0x00000000e0000000, 0x00000000e7b80000, 0x0000000100000000)
  eden space 66560K, 100% used [0x00000000e0000000,0x00000000e4100000,0x00000000e4100000)
  from space 10752K, 71% used [0x00000000e4100000,0x00000000e4886a00,0x00000000e4b80000)
  to   space 10752K, 0% used [0x00000000e7100000,0x00000000e7100000,0x00000000e7b80000)
 ParOldGen       total 60928K, used 9161K [0x00000000a0000000, 0x00000000a3b80000, 0x00000000e0000000)
  object space 60928K, 15% used [0x00000000a0000000,0x00000000a08f2698,0x00000000a3b80000)
 Metaspace       used 32549K, capacity 33278K, committed 33408K, reserved 1077248K
  class space    used 4454K, capacity 4680K, committed 4736K, reserved 1048576K
Event: 6.304 GC heap after
Heap after GC invocations=9 (full 1):
 PSYoungGen      total 115200K, used 9450K [0x00000000e0000000, 0x00000000e8000000, 0x0000000100000000)
  eden space 104448K, 0% used [0x00000000e0000000,0x00000000e0000000,0x00000000e6600000)
  from space 10752K, 87% used [0x00000000e7100000,0x00000000e7a3a8c8,0x00000000e7b80000)
  to   space 11264K, 0% used [0x00000000e6600000,0x00000000e6600000,0x00000000e7100000)
 ParOldGen       total 60928K, used 9169K [0x00000000a0000000, 0x00000000a3b80000, 0x00000000e0000000)
  object space 60928K, 15% used [0x00000000a0000000,0x00000000a08f4698,0x00000000a3b80000)
 Metaspace       used 32549K, capacity 33278K, committed 33408K, reserved 1077248K
  class space    used 4454K, capacity 4680K, committed 4736K, reserved 1048576K
}
Event: 6.837 GC heap before
{Heap before GC invocations=10 (full 1):
 PSYoungGen      total 115200K, used 60277K [0x00000000e0000000, 0x00000000e8000000, 0x0000000100000000)
  eden space 104448K, 48% used [0x00000000e0000000,0x00000000e31a2c88,0x00000000e6600000)
  from space 10752K, 87% used [0x00000000e7100000,0x00000000e7a3a8c8,0x00000000e7b80000)
  to   space 11264K, 0% used [0x00000000e6600000,0x00000000e6600000,0x00000000e7100000)
 ParOldGen       total 60928K, used 9169K [0x00000000a0000000, 0x00000000a3b80000, 0x00000000e0000000)
  object space 60928K, 15% used [0x00000000a0000000,0x00000000a08f4698,0x00000000a3b80000)
 Metaspace       used 34705K, capacity 35420K, committed 35496K, reserved 1079296K
  class space    used 4808K, capacity 5026K, committed 5032K, reserved 1048576K
Event: 6.851 GC heap after
Heap after GC invocations=10 (full 1):
 PSYoungGen      total 115712K, used 10682K [0x00000000e0000000, 0x00000000ea500000, 0x0000000100000000)
  eden space 104448K, 0% used [0x00000000e0000000,0x00000000e0000000,0x00000000e6600000)
  from space 11264K, 94% used [0x00000000e6600000,0x00000000e706eb28,0x00000000e7100000)
  to   space 12288K, 0% used [0x00000000e9900000,0x00000000e9900000,0x00000000ea500000)
 ParOldGen       total 60928K, used 9177K [0x00000000a0000000, 0x00000000a3b80000, 0x00000000e0000000)
  object space 60928K, 15% used [0x00000000a0000000,0x00000000a08f6698,0x00000000a3b80000)
 Metaspace       used 34705K, capacity 35420K, committed 35496K, reserved 1079296K
  class space    used 4808K, capacity 5026K, committed 5032K, reserved 1048576K
}
Event: 6.852 GC heap before
{Heap before GC invocations=11 (full 2):
 PSYoungGen      total 115712K, used 10682K [0x00000000e0000000, 0x00000000ea500000, 0x0000000100000000)
  eden space 104448K, 0% used [0x00000000e0000000,0x00000000e0000000,0x00000000e6600000)
  from space 11264K, 94% used [0x00000000e6600000,0x00000000e706eb28,0x00000000e7100000)
  to   space 12288K, 0% used [0x00000000e9900000,0x00000000e9900000,0x00000000ea500000)
 ParOldGen       total 60928K, used 9177K [0x00000000a0000000, 0x00000000a3b80000, 0x00000000e0000000)
  object space 60928K, 15% used [0x00000000a0000000,0x00000000a08f6698,0x00000000a3b80000)
 Metaspace       used 34705K, capacity 35420K, committed 35496K, reserved 1079296K
  class space    used 4808K, capacity 5026K, committed 5032K, reserved 1048576K
Event: 6.934 GC heap after
Heap after GC invocations=11 (full 2):
 PSYoungGen      total 115712K, used 0K [0x00000000e0000000, 0x00000000ea500000, 0x0000000100000000)
  eden space 104448K, 0% used [0x00000000e0000000,0x00000000e0000000,0x00000000e6600000)
  from space 11264K, 0% used [0x00000000e6600000,0x00000000e6600000,0x00000000e7100000)
  to   space 12288K, 0% used [0x00000000e9900000,0x00000000e9900000,0x00000000ea500000)
 ParOldGen       total 93184K, used 18016K [0x00000000a0000000, 0x00000000a5b00000, 0x00000000e0000000)
  object space 93184K, 19% used [0x00000000a0000000,0x00000000a1198290,0x00000000a5b00000)
 Metaspace       used 34705K, capacity 35420K, committed 35496K, reserved 1079296K
  class space    used 4808K, capacity 5026K, committed 5032K, reserved 1048576K
}

Deoptimization events (10 events):
Event: 6.522 Thread 0x0000000017b8f800 Uncommon trap: reason=unstable_if action=reinterpret pc=0x0000000002e75a50 method=org.gradle.internal.reflect.PropertyAccessorType.isGetGetterName(Ljava/lang/String;)Z @ 14
Event: 6.699 Thread 0x0000000017b8f800 Uncommon trap: reason=unstable_if action=reinterpret pc=0x0000000002891bd8 method=java.net.URI.match(CJJ)Z @ 45
Event: 6.700 Thread 0x0000000017b8f800 Uncommon trap: reason=unstable_if action=reinterpret pc=0x0000000002789920 method=java.net.URI.match(CJJ)Z @ 45
Event: 6.701 Thread 0x0000000017b8f800 Uncommon trap: reason=unstable_if action=reinterpret pc=0x000000000277fc60 method=java.net.URI.match(CJJ)Z @ 45
Event: 7.213 Thread 0x0000000019ce2000 Uncommon trap: reason=unstable_if action=reinterpret pc=0x0000000002bb5ef8 method=java.util.concurrent.ConcurrentHashMap.putVal(Ljava/lang/Object;Ljava/lang/Object;Z)Ljava/lang/Object; @ 113
Event: 7.213 Thread 0x0000000019ce2000 Uncommon trap: reason=unstable_if action=reinterpret pc=0x0000000002abec54 method=java.util.concurrent.ConcurrentHashMap.addCount(JI)V @ 168
Event: 7.546 Thread 0x0000000017b8f800 Uncommon trap: reason=unstable_if action=reinterpret pc=0x0000000003065530 method=org.codehaus.groovy.reflection.CachedMethod.compareToMethod(Ljava/lang/reflect/Method;)I @ 111
Event: 7.724 Thread 0x0000000017b8f800 Uncommon trap: reason=unstable_if action=reinterpret pc=0x0000000002c4cc38 method=java.io.BufferedInputStream.read([BII)I @ 56
Event: 7.726 Thread 0x0000000017b8f800 Uncommon trap: reason=unstable_if action=reinterpret pc=0x0000000002ac5fd0 method=java.util.regex.Pattern.has(I)Z @ 6
Event: 7.857 Thread 0x0000000017b8f800 Uncommon trap: reason=unstable_if action=reinterpret pc=0x0000000002c4a790 method=sun.misc.MetaIndex.mayContain(Ljava/lang/String;)Z @ 38

Classes redefined (0 events):
No events

Internal exceptions (10 events):
Event: 7.539 Thread 0x0000000017b8f800 Exception <a 'java/lang/ClassNotFoundException': org/gradle/api/DefaultTaskBeanInfo> (0x00000000e1a6e0f8) thrown at [D:\src\AOSP-openjdk-cygwin\jdk8u\hotspot\src\share\vm\classfile\systemDictionary.cpp, line 210]
Event: 7.539 Thread 0x0000000017b8f800 Exception <a 'java/lang/ClassNotFoundException': org/gradle/api/internal/AbstractTaskBeanInfo> (0x00000000e1a9de30) thrown at [D:\src\AOSP-openjdk-cygwin\jdk8u\hotspot\src\share\vm\classfile\systemDictionary.cpp, line 210]
Event: 7.540 Thread 0x0000000017b8f800 Exception <a 'java/lang/ClassNotFoundException': org/gradle/api/internal/AbstractTaskCustomizer> (0x00000000e1ace8c0) thrown at [D:\src\AOSP-openjdk-cygwin\jdk8u\hotspot\src\share\vm\classfile\systemDictionary.cpp, line 210]
Event: 7.542 Thread 0x0000000017b8f800 Exception <a 'java/lang/ClassNotFoundException': org/gradle/api/DefaultTaskCustomizer> (0x00000000e1b58650) thrown at [D:\src\AOSP-openjdk-cygwin\jdk8u\hotspot\src\share\vm\classfile\systemDictionary.cpp, line 210]
Event: 7.543 Thread 0x0000000017b8f800 Exception <a 'java/lang/ClassNotFoundException': org/gradle/api/internal/ConventionTaskCustomizer> (0x00000000e1b98850) thrown at [D:\src\AOSP-openjdk-cygwin\jdk8u\hotspot\src\share\vm\classfile\systemDictionary.cpp, line 210]
Event: 7.544 Thread 0x0000000017b8f800 Exception <a 'java/lang/ClassNotFoundException': org/gradle/api/tasks/DeleteCustomizer> (0x00000000e1bd5b00) thrown at [D:\src\AOSP-openjdk-cygwin\jdk8u\hotspot\src\share\vm\classfile\systemDictionary.cpp, line 210]
Event: 7.545 Thread 0x0000000017b8f800 Exception <a 'java/lang/ClassNotFoundException': org/gradle/api/tasks/Delete_DecoratedCustomizer> (0x00000000e1c20550) thrown at [D:\src\AOSP-openjdk-cygwin\jdk8u\hotspot\src\share\vm\classfile\systemDictionary.cpp, line 210]
Event: 7.575 Thread 0x0000000017b8f800 Exception <a 'java/lang/ClassNotFoundException': build_9jcrktnaeczfv3kbijprnhtq9BeanInfo> (0x00000000e1d3aaf0) thrown at [D:\src\AOSP-openjdk-cygwin\jdk8u\hotspot\src\share\vm\classfile\systemDictionary.cpp, line 210]
Event: 7.575 Thread 0x0000000017b8f800 Exception <a 'java/lang/ClassNotFoundException': build_9jcrktnaeczfv3kbijprnhtq9Customizer> (0x00000000e1d46740) thrown at [D:\src\AOSP-openjdk-cygwin\jdk8u\hotspot\src\share\vm\classfile\systemDictionary.cpp, line 210]
Event: 7.983 Thread 0x0000000017b8f800 Exception <a 'sun/nio/fs/WindowsException'> (0x00000000e2ee54f0) thrown at [D:\src\AOSP-openjdk-cygwin\jdk8u\hotspot\src\share\vm\prims\jni.cpp, line 710]

Events (10 events):
Event: 8.347 loading class com/google/common/collect/ArrayListMultimap
Event: 8.347 loading class com/google/common/collect/ArrayListMultimap done
Event: 8.348 loading class com/google/common/collect/ArrayListMultimapGwtSerializationDependencies
Event: 8.348 loading class com/google/common/collect/ArrayListMultimapGwtSerializationDependencies done
Event: 8.348 loading class com/google/common/collect/AbstractListMultimap
Event: 8.348 loading class com/google/common/collect/AbstractListMultimap done
Event: 8.349 loading class com/google/common/collect/AbstractMapBasedMultimap
Event: 8.349 loading class com/google/common/collect/AbstractMapBasedMultimap done
Event: 8.350 loading class com/google/common/collect/AbstractMultimap
Event: 8.350 loading class com/google/common/collect/AbstractMultimap done


Dynamic libraries:
0x00007ff795640000 - 0x00007ff795671000 	C:\Program Files\Android\Android Studio\jre\bin\java.exe
0x00007ffb906e0000 - 0x00007ffb908d0000 	C:\WINDOWS\SYSTEM32\ntdll.dll
0x00007ffb79960000 - 0x00007ffb79974000 	C:\Program Files\AVAST Software\Avast\aswhook.dll
0x00007ffb8f9f0000 - 0x00007ffb8faa2000 	C:\WINDOWS\System32\KERNEL32.DLL
0x00007ffb8d670000 - 0x00007ffb8d913000 	C:\WINDOWS\System32\KERNELBASE.dll
0x00007ffb8f940000 - 0x00007ffb8f9e3000 	C:\WINDOWS\System32\ADVAPI32.dll
0x00007ffb90450000 - 0x00007ffb904ee000 	C:\WINDOWS\System32\msvcrt.dll
0x00007ffb8f6e0000 - 0x00007ffb8f777000 	C:\WINDOWS\System32\sechost.dll
0x00007ffb8f5c0000 - 0x00007ffb8f6e0000 	C:\WINDOWS\System32\RPCRT4.dll
0x00007ffb8f7a0000 - 0x00007ffb8f934000 	C:\WINDOWS\System32\USER32.dll
0x00007ffb8e2a0000 - 0x00007ffb8e2c1000 	C:\WINDOWS\System32\win32u.dll
0x00007ffb8e790000 - 0x00007ffb8e7b6000 	C:\WINDOWS\System32\GDI32.dll
0x00007ffb8e5f0000 - 0x00007ffb8e784000 	C:\WINDOWS\System32\gdi32full.dll
0x00007ffb8e550000 - 0x00007ffb8e5ee000 	C:\WINDOWS\System32\msvcp_win.dll
0x00007ffb8e450000 - 0x00007ffb8e54a000 	C:\WINDOWS\System32\ucrtbase.dll
0x00007ffb7a5a0000 - 0x00007ffb7a825000 	C:\WINDOWS\WinSxS\amd64_microsoft.windows.common-controls_6595b64144ccf1df_6.0.18362.592_none_e6c0b1911312be02\COMCTL32.dll
0x00007ffb8fca0000 - 0x00007ffb8ffd6000 	C:\WINDOWS\System32\combase.dll
0x00007ffb8e1d0000 - 0x00007ffb8e250000 	C:\WINDOWS\System32\bcryptPrimitives.dll
0x00007ffb8ea70000 - 0x00007ffb8ea9e000 	C:\WINDOWS\System32\IMM32.DLL
0x000000006fcd0000 - 0x000000006fda2000 	C:\Program Files\Android\Android Studio\jre\jre\bin\msvcr100.dll
0x000000006fe90000 - 0x00000000706d6000 	C:\Program Files\Android\Android Studio\jre\jre\bin\server\jvm.dll
0x00007ffb8ea60000 - 0x00007ffb8ea68000 	C:\WINDOWS\System32\PSAPI.DLL
0x00007ffb791d0000 - 0x00007ffb791d9000 	C:\WINDOWS\SYSTEM32\WSOCK32.dll
0x00007ffb8fab0000 - 0x00007ffb8fb1f000 	C:\WINDOWS\System32\WS2_32.dll
0x00007ffb88590000 - 0x00007ffb885b4000 	C:\WINDOWS\SYSTEM32\WINMM.dll
0x00007ffb83970000 - 0x00007ffb8397a000 	C:\WINDOWS\SYSTEM32\VERSION.dll
0x00007ffb883e0000 - 0x00007ffb8840d000 	C:\WINDOWS\SYSTEM32\WINMMBASE.dll
0x00007ffb8e250000 - 0x00007ffb8e29a000 	C:\WINDOWS\System32\cfgmgr32.dll
0x00007ffb85330000 - 0x00007ffb8533f000 	C:\Program Files\Android\Android Studio\jre\jre\bin\verify.dll
0x00007ffb84070000 - 0x00007ffb84099000 	C:\Program Files\Android\Android Studio\jre\jre\bin\java.dll
0x00007ffb7c7b0000 - 0x00007ffb7c7c6000 	C:\Program Files\Android\Android Studio\jre\jre\bin\zip.dll
0x00007ffb8ed10000 - 0x00007ffb8f3f5000 	C:\WINDOWS\System32\SHELL32.dll
0x00007ffb8fb20000 - 0x00007ffb8fbc9000 	C:\WINDOWS\System32\shcore.dll
0x00007ffb8da30000 - 0x00007ffb8e1af000 	C:\WINDOWS\System32\windows.storage.dll
0x00007ffb8d630000 - 0x00007ffb8d64f000 	C:\WINDOWS\System32\profapi.dll
0x00007ffb8d5c0000 - 0x00007ffb8d60a000 	C:\WINDOWS\System32\powrprof.dll
0x00007ffb8d5b0000 - 0x00007ffb8d5c0000 	C:\WINDOWS\System32\UMPDC.dll
0x00007ffb8eaa0000 - 0x00007ffb8eaf2000 	C:\WINDOWS\System32\shlwapi.dll
0x00007ffb8d610000 - 0x00007ffb8d621000 	C:\WINDOWS\System32\kernel.appcore.dll
0x00007ffb8e1b0000 - 0x00007ffb8e1c7000 	C:\WINDOWS\System32\cryptsp.dll
0x00007ffb6ec30000 - 0x00007ffb6ec4a000 	C:\Program Files\Android\Android Studio\jre\jre\bin\net.dll
0x00007ffb8ce20000 - 0x00007ffb8ce87000 	C:\WINDOWS\system32\mswsock.dll
0x00007ffb6eab0000 - 0x00007ffb6eac1000 	C:\Program Files\Android\Android Studio\jre\jre\bin\nio.dll
0x00007ffb64f80000 - 0x00007ffb64fa6000 	C:\Users\Alva Gani\.gradle\native\29\windows-amd64\native-platform.dll
0x00007ffb852d0000 - 0x00007ffb852dd000 	C:\Program Files\Android\Android Studio\jre\jre\bin\management.dll
0x00007ffb8c930000 - 0x00007ffb8c963000 	C:\WINDOWS\system32\rsaenh.dll
0x00007ffb8e2d0000 - 0x00007ffb8e2f6000 	C:\WINDOWS\System32\bcrypt.dll
0x00007ffb8d4d0000 - 0x00007ffb8d4f5000 	C:\WINDOWS\SYSTEM32\USERENV.dll
0x00007ffb8cff0000 - 0x00007ffb8cffc000 	C:\WINDOWS\SYSTEM32\CRYPTBASE.dll
0x00007ffb8cb30000 - 0x00007ffb8cb6a000 	C:\WINDOWS\SYSTEM32\IPHLPAPI.DLL
0x00007ffb8e950000 - 0x00007ffb8e958000 	C:\WINDOWS\System32\NSI.dll
0x00007ffb80fd0000 - 0x00007ffb80fe6000 	C:\WINDOWS\SYSTEM32\dhcpcsvc6.DLL
0x00007ffb80fb0000 - 0x00007ffb80fcc000 	C:\WINDOWS\SYSTEM32\dhcpcsvc.DLL
0x00007ffb8cb70000 - 0x00007ffb8cc3a000 	C:\WINDOWS\SYSTEM32\DNSAPI.dll

VM Arguments:
jvm_args: -Xmx1536m -Dfile.encoding=windows-1252 -Duser.country=ID -Duser.language=en -Duser.variant 
java_command: org.gradle.launcher.daemon.bootstrap.GradleDaemon 5.4.1
java_class_path (initial): C:\Users\Alva Gani\.gradle\wrapper\dists\gradle-5.4.1-all\3221gyojl5jsh0helicew7rwx\gradle-5.4.1\lib\gradle-launcher-5.4.1.jar
Launcher Type: SUN_STANDARD

Environment Variables:
PATH=C:\ProgramData\Oracle\Java\javapath;C:\WINDOWS\system32;C:\WINDOWS;C:\WINDOWS\System32\Wbem;C:\WINDOWS\System32\WindowsPowerShell\v1.0\;C:\WINDOWS\System32\OpenSSH\;C:\Go\bin;C:\Users\Alva Gani\AppData\Local\Microsoft\WindowsApps;C:\Users\Alva Gani\go\bin;C:\Users\Alva Gani\AppData\Local\Programs\Microsoft VS Code\bin;
USERNAME=Alva Gani
OS=Windows_NT
PROCESSOR_IDENTIFIER=Intel64 Family 6 Model 78 Stepping 3, GenuineIntel



---------------  S Y S T E M  ---------------

OS: Windows 10.0 , 64 bit Build 18362 (10.0.18362.329)

CPU:total 4 (initial active 4) (2 cores per cpu, 2 threads per core) family 6 model 78 stepping 3, cmov, cx8, fxsr, mmx, sse, sse2, sse3, ssse3, sse4.1, sse4.2, popcnt, avx, avx2, aes, clmul, erms, 3dnowpref, lzcnt, ht, tsc, tscinvbit, bmi1, bmi2, adx

Memory: 4k page, physical 8282712k(524352k free), swap 33448536k(4880k free)

vm_info: OpenJDK 64-Bit Server VM (25.202-b03) for windows-amd64 JRE (1.8.0_202-release-1483-b03), built by "builder" with MS VC++ 10.0 (VS2010)

time: Fri Feb 07 18:15:32 2020
timezone: SE Asia Standard Time
elapsed time: 8 seconds (0d 0h 0m 8s)

