#
# There is insufficient memory for the Java Runtime Environment to continue.
# Native memory allocation (malloc) failed to allocate 49360 bytes for Chunk::new
# Possible reasons:
#   The system is out of physical RAM or swap space
#   The process is running with CompressedOops enabled, and the Java Heap may be blocking the growth of the native heap
# Possible solutions:
#   Reduce memory load on the system
#   Increase physical memory or swap space
#   Check if swap backing store is full
#   Decrease Java heap size (-Xmx/-Xms)
#   Decrease number of Java threads
#   Decrease Java thread stack sizes (-Xss)
#   Set larger code cache with -XX:ReservedCodeCacheSize=
#   JVM is running with Unscaled Compressed Oops mode in which the Java heap is
#     placed in the first 4GB address space. The Java Heap base address is the
#     maximum limit for the native heap growth. Please use -XX:HeapBaseMinAddress
#     to set the Java Heap base and to place the Java Heap above 4GB virtual address.
# This output file may be truncated or incomplete.
#
#  Out of Memory Error (allocation.cpp:389), pid=3768, tid=0x00000000000032c4
#
# JRE version: OpenJDK Runtime Environment (8.0_202-b03) (build 1.8.0_202-release-1483-b03)
# Java VM: OpenJDK 64-Bit Server VM (25.202-b03 mixed mode windows-amd64 compressed oops)
# Failed to write core dump. Minidumps are not enabled by default on client versions of Windows
#

---------------  T H R E A D  ---------------

Current thread (0x000000001686c000):  JavaThread "C2 CompilerThread0" daemon [_thread_in_native, id=12996, stack(0x0000000017ec0000,0x0000000017fc0000)]

Stack: [0x0000000017ec0000,0x0000000017fc0000]
[error occurred during error reporting (printing stack bounds), id 0xc0000005]

Native frames: (J=compiled Java code, j=interpreted, Vv=VM code, C=native code)


Current CompileTask:
C2:   5867 2391       4       org.codehaus.groovy.runtime.metaclass.MetaMethodIndex::addMethodToList (298 bytes)


---------------  P R O C E S S  ---------------

Java Threads: ( => current thread )
  0x0000000019623000 JavaThread "Cache worker for execution history cache (C:\Users\Alva Gani\.gradle\caches\5.4.1\executionHistory)" [_thread_blocked, id=8188, stack(0x00000000207e0000,0x00000000208e0000)]
  0x0000000019775800 JavaThread "Cache worker for cache directory md-rule (C:\Users\Alva Gani\.gradle\caches\5.4.1\md-rule)" [_thread_blocked, id=6848, stack(0x00000000206e0000,0x00000000207e0000)]
  0x0000000019772800 JavaThread "Cache worker for cache directory md-supplier (C:\Users\Alva Gani\.gradle\caches\5.4.1\md-supplier)" [_thread_blocked, id=13764, stack(0x00000000205e0000,0x00000000206e0000)]
  0x000000001976f000 JavaThread "Cache worker for file hash cache (C:\Users\Alva Gani\a\.gradle\5.4.1\fileHashes)" [_thread_blocked, id=9980, stack(0x000000001e880000,0x000000001e980000)]
  0x0000000019771000 JavaThread "Cache worker for journal cache (C:\Users\Alva Gani\.gradle\caches\journal-1)" [_thread_blocked, id=15728, stack(0x000000001c5e0000,0x000000001c6e0000)]
  0x0000000019770800 JavaThread "File lock request listener" [_thread_in_native, id=14724, stack(0x000000001c2e0000,0x000000001c3e0000)]
  0x0000000019773800 JavaThread "Cache worker for file hash cache (C:\Users\Alva Gani\.gradle\caches\5.4.1\fileHashes)" [_thread_blocked, id=9464, stack(0x000000001c1e0000,0x000000001c2e0000)]
  0x0000000018f89800 JavaThread "Thread-9" [_thread_blocked, id=16120, stack(0x000000001c0e0000,0x000000001c1e0000)]
  0x0000000019b0c000 JavaThread "Stdin handler" [_thread_blocked, id=11792, stack(0x000000001bfe0000,0x000000001c0e0000)]
  0x0000000019b0b800 JavaThread "Asynchronous log dispatcher for DefaultDaemonConnection: socket connection from /127.0.0.1:53494 to /127.0.0.1:53495" [_thread_blocked, id=3156, stack(0x000000001bee0000,0x000000001bfe0000)]
  0x00000000183d5000 JavaThread "Daemon worker" [_thread_in_Java, id=12340, stack(0x000000001bde0000,0x000000001bee0000)]
  0x0000000018f84800 JavaThread "Cancel handler" [_thread_blocked, id=6364, stack(0x000000001bce0000,0x000000001bde0000)]
  0x0000000019fe6800 JavaThread "Handler for socket connection from /127.0.0.1:53494 to /127.0.0.1:53495" [_thread_in_native, id=3740, stack(0x000000001b9e0000,0x000000001bae0000)]
  0x0000000019fe3800 JavaThread "Daemon" [_thread_blocked, id=11060, stack(0x000000001b8e0000,0x000000001b9e0000)]
  0x00000000190a7800 JavaThread "Daemon periodic checks" [_thread_blocked, id=8600, stack(0x000000001b7e0000,0x000000001b8e0000)]
  0x0000000019794800 JavaThread "Incoming local TCP Connector on port 53494" [_thread_in_native, id=11096, stack(0x000000001b5a0000,0x000000001b6a0000)]
  0x000000001a05b000 JavaThread "Daemon health stats" [_thread_blocked, id=8256, stack(0x000000001af60000,0x000000001b060000)]
  0x00000000181e6000 JavaThread "Service Thread" daemon [_thread_blocked, id=8568, stack(0x00000000185c0000,0x00000000186c0000)]
  0x0000000016877000 JavaThread "C1 CompilerThread2" daemon [_thread_blocked, id=5868, stack(0x00000000180c0000,0x00000000181c0000)]
  0x000000001686f800 JavaThread "C2 CompilerThread1" daemon [_thread_in_native, id=16280, stack(0x0000000017fc0000,0x00000000180c0000)]
=>0x000000001686c000 JavaThread "C2 CompilerThread0" daemon [_thread_in_native, id=12996, stack(0x0000000017ec0000,0x0000000017fc0000)]
  0x000000001686b000 JavaThread "Attach Listener" daemon [_thread_blocked, id=13152, stack(0x0000000017dc0000,0x0000000017ec0000)]
  0x000000001686a000 JavaThread "Signal Dispatcher" daemon [_thread_blocked, id=11236, stack(0x0000000017cc0000,0x0000000017dc0000)]
  0x0000000002efc800 JavaThread "Finalizer" daemon [_thread_blocked, id=12516, stack(0x0000000017ac0000,0x0000000017bc0000)]
  0x0000000016859000 JavaThread "Reference Handler" daemon [_thread_blocked, id=15616, stack(0x00000000179c0000,0x0000000017ac0000)]
  0x0000000002dfe000 JavaThread "main" [_thread_blocked, id=1144, stack(0x0000000002c50000,0x0000000002d50000)]

Other Threads:
  0x0000000016836000 VMThread [stack: 0x00000000178c0000,0x00000000179c0000] [id=2000]
  0x00000000181eb800 WatcherThread [stack: 0x00000000186c0000,0x00000000187c0000] [id=7624]

VM state:not at safepoint (normal execution)

VM Mutex/Monitor currently owned by a thread: None

heap address: 0x00000000a0000000, size: 1536 MB, Compressed Oops mode: 32-bit
Narrow klass base: 0x0000000000000000, Narrow klass shift: 3
Compressed class space size: 1073741824 Address: 0x0000000100000000

Heap:
 PSYoungGen      total 77312K, used 39063K [0x00000000e0000000, 0x00000000e7c00000, 0x0000000100000000)
  eden space 66560K, 47% used [0x00000000e0000000,0x00000000e1eb4478,0x00000000e4100000)
  from space 10752K, 70% used [0x00000000e4100000,0x00000000e4871b60,0x00000000e4b80000)
  to   space 10752K, 0% used [0x00000000e7180000,0x00000000e7180000,0x00000000e7c00000)
 ParOldGen       total 59904K, used 9168K [0x00000000a0000000, 0x00000000a3a80000, 0x00000000e0000000)
  object space 59904K, 15% used [0x00000000a0000000,0x00000000a08f4048,0x00000000a3a80000)
 Metaspace       used 30171K, capacity 30684K, committed 30848K, reserved 1075200K
  class space    used 4203K, capacity 4372K, committed 4480K, reserved 1048576K

Card table byte_map: [0x00000000122c0000,0x00000000125d0000] byte_map_base: 0x0000000011dc0000

Marking Bits: (ParMarkBitMap*) 0x0000000070659f30
 Begin Bits: [0x0000000012bd0000, 0x00000000143d0000)
 End Bits:   [0x00000000143d0000, 0x0000000015bd0000)

Polling page: 0x0000000000ff0000

CodeCache: size=245760Kb used=9307Kb max_used=9307Kb free=236452Kb
 bounds [0x0000000002f00000, 0x0000000003820000, 0x0000000011f00000]
 total_blobs=3081 nmethods=2408 adapters=586
 compilation: enabled

Compilation events (10 events):
Event: 5.858 Thread 0x0000000016877000 2411       3       java.io.ObjectOutputStream$HandleTable::lookup (56 bytes)
Event: 5.858 Thread 0x0000000016877000 nmethod 2411 0x00000000038188d0 code [0x0000000003818a60, 0x0000000003818e28]
Event: 5.858 Thread 0x0000000016877000 2410       3       java.io.Bits::putShort (16 bytes)
Event: 5.858 Thread 0x0000000016877000 nmethod 2410 0x0000000003819090 code [0x00000000038191e0, 0x0000000003819350]
Event: 5.860 Thread 0x0000000016877000 2412       3       java.util.HashMap::values (25 bytes)
Event: 5.860 Thread 0x0000000016877000 nmethod 2412 0x0000000003819450 code [0x00000000038195c0, 0x00000000038198f0]
Event: 5.860 Thread 0x0000000016877000 2413       3       java.util.HashMap$Values::iterator (12 bytes)
Event: 5.860 Thread 0x0000000016877000 nmethod 2413 0x0000000003819a50 code [0x0000000003819bc0, 0x0000000003819e28]
Event: 5.864 Thread 0x0000000016877000 2414       3       org.codehaus.groovy.reflection.ClassInfo::isSAM (13 bytes)
Event: 5.864 Thread 0x0000000016877000 nmethod 2414 0x0000000003819f10 code [0x000000000381a080, 0x000000000381a2c8]

GC Heap History (10 events):
Event: 3.435 GC heap before
{Heap before GC invocations=4 (full 0):
 PSYoungGen      total 38400K, used 38374K [0x00000000e0000000, 0x00000000e2a80000, 0x0000000100000000)
  eden space 33280K, 100% used [0x00000000e0000000,0x00000000e2080000,0x00000000e2080000)
  from space 5120K, 99% used [0x00000000e2080000,0x00000000e2579bd0,0x00000000e2580000)
  to   space 5120K, 0% used [0x00000000e2580000,0x00000000e2580000,0x00000000e2a80000)
 ParOldGen       total 87552K, used 1839K [0x00000000a0000000, 0x00000000a5580000, 0x00000000e0000000)
  object space 87552K, 2% used [0x00000000a0000000,0x00000000a01cbf68,0x00000000a5580000)
 Metaspace       used 15963K, capacity 16384K, committed 16512K, reserved 1062912K
  class space    used 2276K, capacity 2424K, committed 2432K, reserved 1048576K
Event: 3.448 GC heap after
Heap after GC invocations=4 (full 0):
 PSYoungGen      total 38400K, used 5120K [0x00000000e0000000, 0x00000000e4b00000, 0x0000000100000000)
  eden space 33280K, 0% used [0x00000000e0000000,0x00000000e0000000,0x00000000e2080000)
  from space 5120K, 100% used [0x00000000e2580000,0x00000000e2a80000,0x00000000e2a80000)
  to   space 5120K, 0% used [0x00000000e2080000,0x00000000e2080000,0x00000000e2580000)
 ParOldGen       total 87552K, used 4932K [0x00000000a0000000, 0x00000000a5580000, 0x00000000e0000000)
  object space 87552K, 5% used [0x00000000a0000000,0x00000000a04d1248,0x00000000a5580000)
 Metaspace       used 15963K, capacity 16384K, committed 16512K, reserved 1062912K
  class space    used 2276K, capacity 2424K, committed 2432K, reserved 1048576K
}
Event: 3.990 GC heap before
{Heap before GC invocations=5 (full 0):
 PSYoungGen      total 38400K, used 38400K [0x00000000e0000000, 0x00000000e4b00000, 0x0000000100000000)
  eden space 33280K, 100% used [0x00000000e0000000,0x00000000e2080000,0x00000000e2080000)
  from space 5120K, 100% used [0x00000000e2580000,0x00000000e2a80000,0x00000000e2a80000)
  to   space 5120K, 0% used [0x00000000e2080000,0x00000000e2080000,0x00000000e2580000)
 ParOldGen       total 87552K, used 4932K [0x00000000a0000000, 0x00000000a5580000, 0x00000000e0000000)
  object space 87552K, 5% used [0x00000000a0000000,0x00000000a04d1248,0x00000000a5580000)
 Metaspace       used 18772K, capacity 19342K, committed 19584K, reserved 1067008K
  class space    used 2735K, capacity 2927K, committed 2944K, reserved 1048576K
Event: 4.001 GC heap after
Heap after GC invocations=5 (full 0):
 PSYoungGen      total 38400K, used 5088K [0x00000000e0000000, 0x00000000e5600000, 0x0000000100000000)
  eden space 33280K, 0% used [0x00000000e0000000,0x00000000e0000000,0x00000000e2080000)
  from space 5120K, 99% used [0x00000000e2080000,0x00000000e2578050,0x00000000e2580000)
  to   space 10752K, 0% used [0x00000000e4b80000,0x00000000e4b80000,0x00000000e5600000)
 ParOldGen       total 87552K, used 8842K [0x00000000a0000000, 0x00000000a5580000, 0x00000000e0000000)
  object space 87552K, 10% used [0x00000000a0000000,0x00000000a08a2bf8,0x00000000a5580000)
 Metaspace       used 18772K, capacity 19342K, committed 19584K, reserved 1067008K
  class space    used 2735K, capacity 2927K, committed 2944K, reserved 1048576K
}
Event: 4.230 GC heap before
{Heap before GC invocations=6 (full 0):
 PSYoungGen      total 38400K, used 20804K [0x00000000e0000000, 0x00000000e5600000, 0x0000000100000000)
  eden space 33280K, 47% used [0x00000000e0000000,0x00000000e0f59240,0x00000000e2080000)
  from space 5120K, 99% used [0x00000000e2080000,0x00000000e2578050,0x00000000e2580000)
  to   space 10752K, 0% used [0x00000000e4b80000,0x00000000e4b80000,0x00000000e5600000)
 ParOldGen       total 87552K, used 8842K [0x00000000a0000000, 0x00000000a5580000, 0x00000000e0000000)
  object space 87552K, 10% used [0x00000000a0000000,0x00000000a08a2bf8,0x00000000a5580000)
 Metaspace       used 20679K, capacity 21148K, committed 21296K, reserved 1067008K
  class space    used 2965K, capacity 3123K, committed 3200K, reserved 1048576K
Event: 4.244 GC heap after
Heap after GC invocations=6 (full 0):
 PSYoungGen      total 77312K, used 7601K [0x00000000e0000000, 0x00000000e5600000, 0x0000000100000000)
  eden space 66560K, 0% used [0x00000000e0000000,0x00000000e0000000,0x00000000e4100000)
  from space 10752K, 70% used [0x00000000e4b80000,0x00000000e52ec690,0x00000000e5600000)
  to   space 10752K, 0% used [0x00000000e4100000,0x00000000e4100000,0x00000000e4b80000)
 ParOldGen       total 87552K, used 8842K [0x00000000a0000000, 0x00000000a5580000, 0x00000000e0000000)
  object space 87552K, 10% used [0x00000000a0000000,0x00000000a08a2bf8,0x00000000a5580000)
 Metaspace       used 20679K, capacity 21148K, committed 21296K, reserved 1067008K
  class space    used 2965K, capacity 3123K, committed 3200K, reserved 1048576K
}
Event: 4.244 GC heap before
{Heap before GC invocations=7 (full 1):
 PSYoungGen      total 77312K, used 7601K [0x00000000e0000000, 0x00000000e5600000, 0x0000000100000000)
  eden space 66560K, 0% used [0x00000000e0000000,0x00000000e0000000,0x00000000e4100000)
  from space 10752K, 70% used [0x00000000e4b80000,0x00000000e52ec690,0x00000000e5600000)
  to   space 10752K, 0% used [0x00000000e4100000,0x00000000e4100000,0x00000000e4b80000)
 ParOldGen       total 87552K, used 8842K [0x00000000a0000000, 0x00000000a5580000, 0x00000000e0000000)
  object space 87552K, 10% used [0x00000000a0000000,0x00000000a08a2bf8,0x00000000a5580000)
 Metaspace       used 20679K, capacity 21148K, committed 21296K, reserved 1067008K
  class space    used 2965K, capacity 3123K, committed 3200K, reserved 1048576K
Event: 4.309 GC heap after
Heap after GC invocations=7 (full 1):
 PSYoungGen      total 77312K, used 0K [0x00000000e0000000, 0x00000000e5600000, 0x0000000100000000)
  eden space 66560K, 0% used [0x00000000e0000000,0x00000000e0000000,0x00000000e4100000)
  from space 10752K, 0% used [0x00000000e4b80000,0x00000000e4b80000,0x00000000e5600000)
  to   space 10752K, 0% used [0x00000000e4100000,0x00000000e4100000,0x00000000e4b80000)
 ParOldGen       total 59904K, used 9160K [0x00000000a0000000, 0x00000000a3a80000, 0x00000000e0000000)
  object space 59904K, 15% used [0x00000000a0000000,0x00000000a08f2048,0x00000000a3a80000)
 Metaspace       used 20679K, capacity 21148K, committed 21296K, reserved 1067008K
  class space    used 2965K, capacity 3123K, committed 3200K, reserved 1048576K
}
Event: 5.363 GC heap before
{Heap before GC invocations=8 (full 1):
 PSYoungGen      total 77312K, used 66560K [0x00000000e0000000, 0x00000000e5600000, 0x0000000100000000)
  eden space 66560K, 100% used [0x00000000e0000000,0x00000000e4100000,0x00000000e4100000)
  from space 10752K, 0% used [0x00000000e4b80000,0x00000000e4b80000,0x00000000e5600000)
  to   space 10752K, 0% used [0x00000000e4100000,0x00000000e4100000,0x00000000e4b80000)
 ParOldGen       total 59904K, used 9160K [0x00000000a0000000, 0x00000000a3a80000, 0x00000000e0000000)
  object space 59904K, 15% used [0x00000000a0000000,0x00000000a08f2048,0x00000000a3a80000)
 Metaspace       used 28301K, capacity 28868K, committed 28928K, reserved 1075200K
  class space    used 3906K, capacity 4093K, committed 4096K, reserved 1048576K
Event: 5.372 GC heap after
Heap after GC invocations=8 (full 1):
 PSYoungGen      total 77312K, used 7622K [0x00000000e0000000, 0x00000000e7c00000, 0x0000000100000000)
  eden space 66560K, 0% used [0x00000000e0000000,0x00000000e0000000,0x00000000e4100000)
  from space 10752K, 70% used [0x00000000e4100000,0x00000000e4871b60,0x00000000e4b80000)
  to   space 10752K, 0% used [0x00000000e7180000,0x00000000e7180000,0x00000000e7c00000)
 ParOldGen       total 59904K, used 9168K [0x00000000a0000000, 0x00000000a3a80000, 0x00000000e0000000)
  object space 59904K, 15% used [0x00000000a0000000,0x00000000a08f4048,0x00000000a3a80000)
 Metaspace       used 28301K, capacity 28868K, committed 28928K, reserved 1075200K
  class space    used 3906K, capacity 4093K, committed 4096K, reserved 1048576K
}

Deoptimization events (10 events):
Event: 3.904 Thread 0x00000000183d5000 Uncommon trap: reason=bimorphic action=maybe_recompile pc=0x0000000003493c78 method=java.lang.ClassLoader.getPackage(Ljava/lang/String;)Ljava/lang/Package; @ 47
Event: 3.906 Thread 0x00000000183d5000 Uncommon trap: reason=bimorphic action=maybe_recompile pc=0x0000000003493c78 method=java.lang.ClassLoader.getPackage(Ljava/lang/String;)Ljava/lang/Package; @ 47
Event: 3.909 Thread 0x00000000183d5000 Uncommon trap: reason=bimorphic action=maybe_recompile pc=0x0000000003493c78 method=java.lang.ClassLoader.getPackage(Ljava/lang/String;)Ljava/lang/Package; @ 47
Event: 4.092 Thread 0x00000000183d5000 Uncommon trap: reason=class_check action=maybe_recompile pc=0x0000000003112b0c method=sun.misc.URLClassPath.getLoader(I)Lsun/misc/URLClassPath$Loader; @ 94
Event: 4.092 Thread 0x00000000183d5000 Uncommon trap: reason=class_check action=maybe_recompile pc=0x00000000034c7080 method=sun.misc.URLClassPath.getResource(Ljava/lang/String;Z)Lsun/misc/Resource; @ 62
Event: 4.699 Thread 0x00000000183d5000 Uncommon trap: reason=unstable_if action=reinterpret pc=0x0000000003534a08 method=java.lang.ClassLoader.getClassLoadingLock(Ljava/lang/String;)Ljava/lang/Object; @ 6
Event: 4.963 Thread 0x00000000183d5000 Uncommon trap: reason=unstable_if action=reinterpret pc=0x00000000033ab360 method=java.util.HashMap.hash(Ljava/lang/Object;)I @ 1
Event: 4.975 Thread 0x00000000183d5000 Uncommon trap: reason=unstable_if action=reinterpret pc=0x00000000031bc1a8 method=java.util.HashMap.hash(Ljava/lang/Object;)I @ 1
Event: 5.074 Thread 0x00000000183d5000 Uncommon trap: reason=unstable_if action=reinterpret pc=0x00000000031d988c method=java.io.WinNTFileSystem.resolve(Ljava/lang/String;Ljava/lang/String;)Ljava/lang/String; @ 49
Event: 5.108 Thread 0x00000000183d5000 Uncommon trap: reason=unstable_if action=reinterpret pc=0x00000000031fcf70 method=java.util.LinkedHashMap.afterNodeInsertion(Z)V @ 1

Classes redefined (0 events):
No events

Internal exceptions (10 events):
Event: 5.422 Thread 0x00000000183d5000 Exception <a 'java/lang/ClassNotFoundException': org/gradle/api/internal/artifacts/dsl/dependencies/DefaultDependencyHandler_DecoratedCustomizer> (0x00000000e04e65d8) thrown at [D:\src\AOSP-openjdk-cygwin\jdk8u\hotspot\src\share\vm\classfile\systemDiction
Event: 5.667 Thread 0x0000000018f89800 Exception <a 'java/lang/NoSuchMethodError': <clinit>> (0x00000000e07afc80) thrown at [D:\src\AOSP-openjdk-cygwin\jdk8u\hotspot\src\share\vm\prims\jni.cpp, line 1614]
Event: 5.669 Thread 0x0000000018f89800 Exception <a 'java/lang/NoSuchMethodError': <clinit>> (0x00000000e07c5868) thrown at [D:\src\AOSP-openjdk-cygwin\jdk8u\hotspot\src\share\vm\prims\jni.cpp, line 1614]
Event: 5.669 Thread 0x0000000018f89800 Exception <a 'java/lang/NoSuchMethodError': <clinit>> (0x00000000e07c6580) thrown at [D:\src\AOSP-openjdk-cygwin\jdk8u\hotspot\src\share\vm\prims\jni.cpp, line 1614]
Event: 5.669 Thread 0x0000000018f89800 Exception <a 'java/lang/NoSuchMethodError': <clinit>> (0x00000000e07c7ab8) thrown at [D:\src\AOSP-openjdk-cygwin\jdk8u\hotspot\src\share\vm\prims\jni.cpp, line 1614]
Event: 5.831 Thread 0x00000000183d5000 Exception <a 'java/lang/ClassNotFoundException': ijinit4_cyrfe3vsluh1rr9vy4ruoeh53BeanInfo> (0x00000000e1c1a910) thrown at [D:\src\AOSP-openjdk-cygwin\jdk8u\hotspot\src\share\vm\classfile\systemDictionary.cpp, line 210]
Event: 5.831 Thread 0x00000000183d5000 Exception <a 'java/lang/ClassNotFoundException': ijinit4_cyrfe3vsluh1rr9vy4ruoeh53Customizer> (0x00000000e1c26358) thrown at [D:\src\AOSP-openjdk-cygwin\jdk8u\hotspot\src\share\vm\classfile\systemDictionary.cpp, line 210]
Event: 5.847 Thread 0x00000000183d5000 Exception <a 'java/lang/ClassNotFoundException': org/gradle/api/internal/plugins/DefaultObjectConfigurationActionBeanInfo> (0x00000000e1d00a00) thrown at [D:\src\AOSP-openjdk-cygwin\jdk8u\hotspot\src\share\vm\classfile\systemDictionary.cpp, line 210]
Event: 5.849 Thread 0x00000000183d5000 Exception <a 'java/lang/ClassNotFoundException': org/gradle/api/internal/plugins/DefaultObjectConfigurationActionCustomizer> (0x00000000e1d33960) thrown at [D:\src\AOSP-openjdk-cygwin\jdk8u\hotspot\src\share\vm\classfile\systemDictionary.cpp, line 210]
Event: 5.866 Thread 0x00000000183d5000 Exception <a 'java/lang/ClassNotFoundException': JetGradlePluginBeanInfo> (0x00000000e1e0b838) thrown at [D:\src\AOSP-openjdk-cygwin\jdk8u\hotspot\src\share\vm\classfile\systemDictionary.cpp, line 210]

Events (10 events):
Event: 5.862 loading class org/gradle/internal/instantiation/InjectUtil
Event: 5.862 loading class org/gradle/internal/instantiation/InjectUtil done
Event: 5.863 loading class org/gradle/internal/instantiation/Jsr330ConstructorSelector$CachedConstructor
Event: 5.863 loading class org/gradle/internal/instantiation/Jsr330ConstructorSelector$CachedConstructor done
Event: 5.863 loading class groovy/runtime/metaclass/JetGradlePluginMetaClass
Event: 5.863 loading class groovy/runtime/metaclass/JetGradlePluginMetaClass done
Event: 5.865 loading class JetGradlePluginBeanInfo
Event: 5.865 loading class JetGradlePluginBeanInfo done
Event: 5.866 loading class JetGradlePluginBeanInfo
Event: 5.866 loading class JetGradlePluginBeanInfo done


Dynamic libraries:
0x00007ff7bb500000 - 0x00007ff7bb531000 	C:\Program Files\Android\Android Studio\jre\bin\java.exe
0x00007ffb906e0000 - 0x00007ffb908d0000 	C:\WINDOWS\SYSTEM32\ntdll.dll
0x00007ffb79960000 - 0x00007ffb79974000 	C:\Program Files\AVAST Software\Avast\aswhook.dll
0x00007ffb8f9f0000 - 0x00007ffb8faa2000 	C:\WINDOWS\System32\KERNEL32.DLL
0x00007ffb8d670000 - 0x00007ffb8d913000 	C:\WINDOWS\System32\KERNELBASE.dll
0x00007ffb8f940000 - 0x00007ffb8f9e3000 	C:\WINDOWS\System32\ADVAPI32.dll
0x00007ffb90450000 - 0x00007ffb904ee000 	C:\WINDOWS\System32\msvcrt.dll
0x00007ffb8f6e0000 - 0x00007ffb8f777000 	C:\WINDOWS\System32\sechost.dll
0x00007ffb8f5c0000 - 0x00007ffb8f6e0000 	C:\WINDOWS\System32\RPCRT4.dll
0x00007ffb8f7a0000 - 0x00007ffb8f934000 	C:\WINDOWS\System32\USER32.dll
0x00007ffb8e2a0000 - 0x00007ffb8e2c1000 	C:\WINDOWS\System32\win32u.dll
0x00007ffb8e790000 - 0x00007ffb8e7b6000 	C:\WINDOWS\System32\GDI32.dll
0x00007ffb8e5f0000 - 0x00007ffb8e784000 	C:\WINDOWS\System32\gdi32full.dll
0x00007ffb8e550000 - 0x00007ffb8e5ee000 	C:\WINDOWS\System32\msvcp_win.dll
0x00007ffb8e450000 - 0x00007ffb8e54a000 	C:\WINDOWS\System32\ucrtbase.dll
0x00007ffb7a5a0000 - 0x00007ffb7a825000 	C:\WINDOWS\WinSxS\amd64_microsoft.windows.common-controls_6595b64144ccf1df_6.0.18362.592_none_e6c0b1911312be02\COMCTL32.dll
0x00007ffb8fca0000 - 0x00007ffb8ffd6000 	C:\WINDOWS\System32\combase.dll
0x00007ffb8e1d0000 - 0x00007ffb8e250000 	C:\WINDOWS\System32\bcryptPrimitives.dll
0x00007ffb8ea70000 - 0x00007ffb8ea9e000 	C:\WINDOWS\System32\IMM32.DLL
0x000000006fcd0000 - 0x000000006fda2000 	C:\Program Files\Android\Android Studio\jre\jre\bin\msvcr100.dll
0x000000006fe90000 - 0x00000000706d6000 	C:\Program Files\Android\Android Studio\jre\jre\bin\server\jvm.dll
0x00007ffb8ea60000 - 0x00007ffb8ea68000 	C:\WINDOWS\System32\PSAPI.DLL
0x00007ffb791d0000 - 0x00007ffb791d9000 	C:\WINDOWS\SYSTEM32\WSOCK32.dll
0x00007ffb8fab0000 - 0x00007ffb8fb1f000 	C:\WINDOWS\System32\WS2_32.dll
0x00007ffb88590000 - 0x00007ffb885b4000 	C:\WINDOWS\SYSTEM32\WINMM.dll
0x00007ffb83970000 - 0x00007ffb8397a000 	C:\WINDOWS\SYSTEM32\VERSION.dll
0x00007ffb883e0000 - 0x00007ffb8840d000 	C:\WINDOWS\SYSTEM32\WINMMBASE.dll
0x00007ffb8e250000 - 0x00007ffb8e29a000 	C:\WINDOWS\System32\cfgmgr32.dll
0x00007ffb85330000 - 0x00007ffb8533f000 	C:\Program Files\Android\Android Studio\jre\jre\bin\verify.dll
0x00007ffb84070000 - 0x00007ffb84099000 	C:\Program Files\Android\Android Studio\jre\jre\bin\java.dll
0x00007ffb7c7b0000 - 0x00007ffb7c7c6000 	C:\Program Files\Android\Android Studio\jre\jre\bin\zip.dll
0x00007ffb8ed10000 - 0x00007ffb8f3f5000 	C:\WINDOWS\System32\SHELL32.dll
0x00007ffb8fb20000 - 0x00007ffb8fbc9000 	C:\WINDOWS\System32\shcore.dll
0x00007ffb8da30000 - 0x00007ffb8e1af000 	C:\WINDOWS\System32\windows.storage.dll
0x00007ffb8d630000 - 0x00007ffb8d64f000 	C:\WINDOWS\System32\profapi.dll
0x00007ffb8d5c0000 - 0x00007ffb8d60a000 	C:\WINDOWS\System32\powrprof.dll
0x00007ffb8d5b0000 - 0x00007ffb8d5c0000 	C:\WINDOWS\System32\UMPDC.dll
0x00007ffb8eaa0000 - 0x00007ffb8eaf2000 	C:\WINDOWS\System32\shlwapi.dll
0x00007ffb8d610000 - 0x00007ffb8d621000 	C:\WINDOWS\System32\kernel.appcore.dll
0x00007ffb8e1b0000 - 0x00007ffb8e1c7000 	C:\WINDOWS\System32\cryptsp.dll
0x00007ffb6ec30000 - 0x00007ffb6ec4a000 	C:\Program Files\Android\Android Studio\jre\jre\bin\net.dll
0x00007ffb8ce20000 - 0x00007ffb8ce87000 	C:\WINDOWS\system32\mswsock.dll
0x00007ffb6eab0000 - 0x00007ffb6eac1000 	C:\Program Files\Android\Android Studio\jre\jre\bin\nio.dll
0x00007ffb64f80000 - 0x00007ffb64fa6000 	C:\Users\Alva Gani\.gradle\native\29\windows-amd64\native-platform.dll
0x00007ffb852d0000 - 0x00007ffb852dd000 	C:\Program Files\Android\Android Studio\jre\jre\bin\management.dll
0x00007ffb8c930000 - 0x00007ffb8c963000 	C:\WINDOWS\system32\rsaenh.dll
0x00007ffb8e2d0000 - 0x00007ffb8e2f6000 	C:\WINDOWS\System32\bcrypt.dll
0x00007ffb8d4d0000 - 0x00007ffb8d4f5000 	C:\WINDOWS\SYSTEM32\USERENV.dll
0x00007ffb8cff0000 - 0x00007ffb8cffc000 	C:\WINDOWS\SYSTEM32\CRYPTBASE.dll
0x00007ffb8cb30000 - 0x00007ffb8cb6a000 	C:\WINDOWS\SYSTEM32\IPHLPAPI.DLL
0x00007ffb8e950000 - 0x00007ffb8e958000 	C:\WINDOWS\System32\NSI.dll
0x00007ffb80fd0000 - 0x00007ffb80fe6000 	C:\WINDOWS\SYSTEM32\dhcpcsvc6.DLL
0x00007ffb80fb0000 - 0x00007ffb80fcc000 	C:\WINDOWS\SYSTEM32\dhcpcsvc.DLL
0x00007ffb8cb70000 - 0x00007ffb8cc3a000 	C:\WINDOWS\SYSTEM32\DNSAPI.dll

VM Arguments:
jvm_args: -Xmx1536m -Dfile.encoding=windows-1252 -Duser.country=ID -Duser.language=en -Duser.variant 
java_command: org.gradle.launcher.daemon.bootstrap.GradleDaemon 5.4.1
java_class_path (initial): C:\Users\Alva Gani\.gradle\wrapper\dists\gradle-5.4.1-all\3221gyojl5jsh0helicew7rwx\gradle-5.4.1\lib\gradle-launcher-5.4.1.jar
Launcher Type: SUN_STANDARD

Environment Variables:
PATH=C:\ProgramData\Oracle\Java\javapath;C:\WINDOWS\system32;C:\WINDOWS;C:\WINDOWS\System32\Wbem;C:\WINDOWS\System32\WindowsPowerShell\v1.0\;C:\WINDOWS\System32\OpenSSH\;C:\Go\bin;C:\Users\Alva Gani\AppData\Local\Microsoft\WindowsApps;C:\Users\Alva Gani\go\bin;C:\Users\Alva Gani\AppData\Local\Programs\Microsoft VS Code\bin;
USERNAME=Alva Gani
OS=Windows_NT
PROCESSOR_IDENTIFIER=Intel64 Family 6 Model 78 Stepping 3, GenuineIntel



---------------  S Y S T E M  ---------------

OS: Windows 10.0 , 64 bit Build 18362 (10.0.18362.329)

CPU:total 4 (initial active 4) (2 cores per cpu, 2 threads per core) family 6 model 78 stepping 3, cmov, cx8, fxsr, mmx, sse, sse2, sse3, ssse3, sse4.1, sse4.2, popcnt, avx, avx2, aes, clmul, erms, 3dnowpref, lzcnt, ht, tsc, tscinvbit, bmi1, bmi2, adx

Memory: 4k page, physical 8282712k(541640k free), swap 33448536k(1528k free)

vm_info: OpenJDK 64-Bit Server VM (25.202-b03) for windows-amd64 JRE (1.8.0_202-release-1483-b03), built by "builder" with MS VC++ 10.0 (VS2010)

time: Fri Feb 07 18:26:18 2020
timezone: SE Asia Standard Time
elapsed time: 5 seconds (0d 0h 0m 5s)

